#
# There is insufficient memory for the Java Runtime Environment to continue.
# Native memory allocation (malloc) failed to allocate 605776 bytes. Error detail: Chunk::new
# Possible reasons:
#   The system is out of physical RAM or swap space
#   This process is running with CompressedOops enabled, and the Java Heap may be blocking the growth of the native heap
# Possible solutions:
#   Reduce memory load on the system
#   Increase physical memory or swap space
#   Check if swap backing store is full
#   Decrease Java heap size (-Xmx/-Xms)
#   Decrease number of Java threads
#   Decrease Java thread stack sizes (-Xss)
#   Set larger code cache with -XX:ReservedCodeCacheSize=
#   JVM is running with Unscaled Compressed Oops mode in which the Java heap is
#     placed in the first 4GB address space. The Java Heap base address is the
#     maximum limit for the native heap growth. Please use -XX:HeapBaseMinAddress
#     to set the Java Heap base and to place the Java Heap above 4GB virtual address.
# This output file may be truncated or incomplete.
#
#  Out of Memory Error (arena.cpp:191), pid=6532, tid=14392
#
# JRE version: OpenJDK Runtime Environment Temurin-17.0.13+11 (17.0.13+11) (build 17.0.13+11)
# Java VM: OpenJDK 64-Bit Server VM Temurin-17.0.13+11 (17.0.13+11, mixed mode, tiered, compressed oops, compressed class ptrs, parallel gc, windows-amd64)
# No core dump will be written. Minidumps are not enabled by default on client versions of Windows
#

---------------  S U M M A R Y ------------

Command Line: --add-modules=ALL-SYSTEM --add-opens=java.base/java.util=ALL-UNNAMED --add-opens=java.base/java.lang=ALL-UNNAMED --add-opens=java.base/sun.nio.fs=ALL-UNNAMED -Declipse.application=org.eclipse.jdt.ls.core.id1 -Dosgi.bundles.defaultStartLevel=4 -Declipse.product=org.eclipse.jdt.ls.core.product -Djava.import.generatesMetadataFilesAtProjectRoot=false -DDetectVMInstallationsJob.disabled=true -Dfile.encoding=utf8 -XX:+UseParallelGC -XX:GCTimeRatio=4 -XX:AdaptiveSizePolicyWeight=90 -Dsun.zip.disableMemoryMapping=true -Xmx1G -Xms100m -Xlog:disable -javaagent:c:\Users\Heduardo\.vscode\extensions\redhat.java-1.38.0-win32-x64\lombok\lombok-1.18.34.jar c:\Users\Heduardo\.vscode\extensions\redhat.java-1.38.0-win32-x64\server\plugins\org.eclipse.equinox.launcher_1.6.900.v20240613-2009.jar -configuration c:\Users\Heduardo\AppData\Roaming\Code\User\globalStorage\redhat.java\1.38.0\config_ss_win -data c:\Users\Heduardo\AppData\Roaming\Code\User\workspaceStorage\9bb6aeb47d9749888fd4142de8cfd7c1\redhat.java\ss_ws --pipe=\\.\pipe\lsp-a866e2c449993bed1ca3b8aa55be7249-sock

Host: Intel(R) Core(TM) i5-9300HF CPU @ 2.40GHz, 8 cores, 7G,  Windows 10 , 64 bit Build 19041 (10.0.19041.3636)
Time: Mon Dec 23 01:02:20 2024 Hora oficial do Brasil elapsed time: 1.615553 seconds (0d 0h 0m 1s)

---------------  T H R E A D  ---------------

Current thread (0x000001d9e00f6030):  JavaThread "C2 CompilerThread1" daemon [_thread_in_native, id=14392, stack(0x0000000f6ed00000,0x0000000f6ee00000)]


Current CompileTask:
C2:   1615 1447       4       java.io.WinNTFileSystem::normalize (143 bytes)

Stack: [0x0000000f6ed00000,0x0000000f6ee00000]
Native frames: (J=compiled Java code, j=interpreted, Vv=VM code, C=native code)
V  [jvm.dll+0x682a19]
V  [jvm.dll+0x839538]
V  [jvm.dll+0x83afe3]
V  [jvm.dll+0x83b653]
V  [jvm.dll+0x24704f]
V  [jvm.dll+0xace34]
V  [jvm.dll+0xad4cc]
V  [jvm.dll+0x36592f]
V  [jvm.dll+0x32fbd8]
V  [jvm.dll+0x32f05a]
V  [jvm.dll+0x21804f]
V  [jvm.dll+0x21748f]
V  [jvm.dll+0x1a3070]
V  [jvm.dll+0x22788c]
V  [jvm.dll+0x2259eb]
V  [jvm.dll+0x7eec98]
V  [jvm.dll+0x7e8ffc]
V  [jvm.dll+0x6818f7]
C  [ucrtbase.dll+0x21bb2]
C  [KERNEL32.DLL+0x17344]
C  [ntdll.dll+0x526b1]


---------------  P R O C E S S  ---------------

Threads class SMR info:
_java_thread_list=0x000001d9e19ecd80, length=17, elements={
0x000001d9c6e200b0, 0x000001d9c6ed51b0, 0x000001d9dff251b0, 0x000001d9dacb80e0,
0x000001d9dacb8e70, 0x000001d9dacb9cf0, 0x000001d9dacbd6d0, 0x000001d9dacbe3c0,
0x000001d9dffa8040, 0x000001d9dffbd100, 0x000001d9e00be8b0, 0x000001d9e00f6030,
0x000001d9e0eda040, 0x000001d9e0edeb10, 0x000001d9e13c9a60, 0x000001d9e1a804f0,
0x000001d9e188d0f0
}

Java Threads: ( => current thread )
  0x000001d9c6e200b0 JavaThread "main" [_thread_blocked, id=10216, stack(0x0000000f6e000000,0x0000000f6e100000)]
  0x000001d9c6ed51b0 JavaThread "Reference Handler" daemon [_thread_blocked, id=5708, stack(0x0000000f6e300000,0x0000000f6e400000)]
  0x000001d9dff251b0 JavaThread "Finalizer" daemon [_thread_blocked, id=15304, stack(0x0000000f6e400000,0x0000000f6e500000)]
  0x000001d9dacb80e0 JavaThread "Signal Dispatcher" daemon [_thread_blocked, id=9796, stack(0x0000000f6e500000,0x0000000f6e600000)]
  0x000001d9dacb8e70 JavaThread "Attach Listener" daemon [_thread_blocked, id=14696, stack(0x0000000f6e600000,0x0000000f6e700000)]
  0x000001d9dacb9cf0 JavaThread "Service Thread" daemon [_thread_blocked, id=1532, stack(0x0000000f6e700000,0x0000000f6e800000)]
  0x000001d9dacbd6d0 JavaThread "Monitor Deflation Thread" daemon [_thread_blocked, id=5660, stack(0x0000000f6e800000,0x0000000f6e900000)]
  0x000001d9dacbe3c0 JavaThread "C2 CompilerThread0" daemon [_thread_blocked, id=4052, stack(0x0000000f6e900000,0x0000000f6ea00000)]
  0x000001d9dffa8040 JavaThread "C1 CompilerThread0" daemon [_thread_blocked, id=13728, stack(0x0000000f6ea00000,0x0000000f6eb00000)]
  0x000001d9dffbd100 JavaThread "Sweeper thread" daemon [_thread_blocked, id=8952, stack(0x0000000f6eb00000,0x0000000f6ec00000)]
  0x000001d9e00be8b0 JavaThread "Common-Cleaner" daemon [_thread_blocked, id=14660, stack(0x0000000f6ec00000,0x0000000f6ed00000)]
=>0x000001d9e00f6030 JavaThread "C2 CompilerThread1" daemon [_thread_in_native, id=14392, stack(0x0000000f6ed00000,0x0000000f6ee00000)]
  0x000001d9e0eda040 JavaThread "Notification Thread" daemon [_thread_blocked, id=5760, stack(0x0000000f6ee00000,0x0000000f6ef00000)]
  0x000001d9e0edeb10 JavaThread "C2 CompilerThread2" daemon [_thread_blocked, id=5332, stack(0x0000000f6f000000,0x0000000f6f100000)]
  0x000001d9e13c9a60 JavaThread "Active Thread: Equinox Container: bf383664-c191-4e3e-b199-75081f6db597" [_thread_blocked, id=14648, stack(0x0000000f6f700000,0x0000000f6f800000)]
  0x000001d9e1a804f0 JavaThread "Framework Event Dispatcher: Equinox Container: bf383664-c191-4e3e-b199-75081f6db597" daemon [_thread_blocked, id=10372, stack(0x0000000f6f800000,0x0000000f6f900000)]
  0x000001d9e188d0f0 JavaThread "Start Level: Equinox Container: bf383664-c191-4e3e-b199-75081f6db597" daemon [_thread_in_vm, id=9136, stack(0x0000000f6f900000,0x0000000f6fa00000)]

Other Threads:
  0x000001d9dacaf760 VMThread "VM Thread" [stack: 0x0000000f6e200000,0x0000000f6e300000] [id=3716]
  0x000001d9e0ee2310 WatcherThread [stack: 0x0000000f6ef00000,0x0000000f6f000000] [id=7388]
  0x000001d9c6e38560 GCTaskThread "GC Thread#0" [stack: 0x0000000f6e100000,0x0000000f6e200000] [id=12448]
  0x000001d9e1526b20 GCTaskThread "GC Thread#1" [stack: 0x0000000f6f100000,0x0000000f6f200000] [id=10068]
  0x000001d9e1526de0 GCTaskThread "GC Thread#2" [stack: 0x0000000f6f200000,0x0000000f6f300000] [id=11452]
  0x000001d9e1663ae0 GCTaskThread "GC Thread#3" [stack: 0x0000000f6f300000,0x0000000f6f400000] [id=2864]
  0x000001d9e1158040 GCTaskThread "GC Thread#4" [stack: 0x0000000f6f400000,0x0000000f6f500000] [id=12840]
  0x000001d9e1158300 GCTaskThread "GC Thread#5" [stack: 0x0000000f6f500000,0x0000000f6f600000] [id=10504]
  0x000001d9e11585c0 GCTaskThread "GC Thread#6" [stack: 0x0000000f6f600000,0x0000000f6f700000] [id=8800]

Threads with active compile tasks:
C2 CompilerThread1     1639 1447       4       java.io.WinNTFileSystem::normalize (143 bytes)

VM state: not at safepoint (normal execution)

VM Mutex/Monitor currently owned by a thread: None

Heap address: 0x00000000c0000000, size: 1024 MB, Compressed Oops mode: 32-bit

CDS archive(s) not mapped
Compressed class space mapped at: 0x0000000100000000-0x0000000140000000, reserved size: 1073741824
Narrow klass base: 0x0000000000000000, Narrow klass shift: 3, Narrow klass range: 0x140000000

GC Precious Log:
 CPUs: 8 total, 8 available
 Memory: 8112M
 Large Page Support: Disabled
 NUMA Support: Disabled
 Compressed Oops: Enabled (32-bit)
 Alignments: Space 512K, Generation 512K, Heap 2M
 Heap Min Capacity: 100M
 Heap Initial Capacity: 100M
 Heap Max Capacity: 1G
 Pre-touch: Disabled
 Parallel Workers: 8

Heap:
 PSYoungGen      total 29696K, used 25224K [0x00000000eab00000, 0x00000000ecc00000, 0x0000000100000000)
  eden space 25600K, 86% used [0x00000000eab00000,0x00000000ec08ce10,0x00000000ec400000)
  from space 4096K, 77% used [0x00000000ec400000,0x00000000ec7154f8,0x00000000ec800000)
  to   space 4096K, 0% used [0x00000000ec800000,0x00000000ec800000,0x00000000ecc00000)
 ParOldGen       total 68608K, used 16K [0x00000000c0000000, 0x00000000c4300000, 0x00000000eab00000)
  object space 68608K, 0% used [0x00000000c0000000,0x00000000c0004000,0x00000000c4300000)
 Metaspace       used 14052K, committed 14208K, reserved 1114112K
  class space    used 1405K, committed 1472K, reserved 1048576K

Card table byte_map: [0x000001d9c67c0000,0x000001d9c69d0000] _byte_map_base: 0x000001d9c61c0000

Marking Bits: (ParMarkBitMap*) 0x00007ffb42ac6940
 Begin Bits: [0x000001d9d8ac0000, 0x000001d9d9ac0000)
 End Bits:   [0x000001d9d9ac0000, 0x000001d9daac0000)

Polling page: 0x000001d9c4cb0000

Metaspace:

Usage:
  Non-class:     12.35 MB used.
      Class:      1.37 MB used.
       Both:     13.72 MB used.

Virtual space:
  Non-class space:       64.00 MB reserved,      12.44 MB ( 19%) committed,  1 nodes.
      Class space:        1.00 GB reserved,       1.44 MB ( <1%) committed,  1 nodes.
             Both:        1.06 GB reserved,      13.88 MB (  1%) committed. 

Chunk freelists:
   Non-Class:  3.20 MB
       Class:  14.46 MB
        Both:  17.67 MB

MaxMetaspaceSize: unlimited
CompressedClassSpaceSize: 1.00 GB
Initial GC threshold: 21.00 MB
Current GC threshold: 21.00 MB
CDS: off
MetaspaceReclaimPolicy: balanced
 - commit_granule_bytes: 65536.
 - commit_granule_words: 8192.
 - virtual_space_node_default_size: 8388608.
 - enlarge_chunks_in_place: 1.
 - new_chunks_are_fully_committed: 0.
 - uncommit_free_chunks: 1.
 - use_allocation_guard: 0.
 - handle_deallocations: 1.


Internal statistics:

num_allocs_failed_limit: 0.
num_arena_births: 60.
num_arena_deaths: 0.
num_vsnodes_births: 2.
num_vsnodes_deaths: 0.
num_space_committed: 222.
num_space_uncommitted: 0.
num_chunks_returned_to_freelist: 0.
num_chunks_taken_from_freelist: 230.
num_chunk_merges: 0.
num_chunk_splits: 159.
num_chunks_enlarged: 132.
num_inconsistent_stats: 0.

CodeHeap 'non-profiled nmethods': size=120000Kb used=657Kb max_used=657Kb free=119342Kb
 bounds [0x000001d9d1590000, 0x000001d9d1800000, 0x000001d9d8ac0000]
CodeHeap 'profiled nmethods': size=120000Kb used=2652Kb max_used=2652Kb free=117347Kb
 bounds [0x000001d9c9ac0000, 0x000001d9c9d60000, 0x000001d9d0ff0000]
CodeHeap 'non-nmethods': size=5760Kb used=1158Kb max_used=1185Kb free=4601Kb
 bounds [0x000001d9d0ff0000, 0x000001d9d1260000, 0x000001d9d1590000]
 total_blobs=1950 nmethods=1499 adapters=365
 compilation: enabled
              stopped_count=0, restarted_count=0
 full_count=0

Compilation events (20 events):
Event: 1.609 Thread 0x000001d9dffa8040 nmethod 1465 0x000001d9d162fe10 code [0x000001d9d162ffa0, 0x000001d9d1630078]
Event: 1.609 Thread 0x000001d9dffa8040 1467       3       org.eclipse.osgi.internal.framework.EquinoxBundle::getLocation (21 bytes)
Event: 1.609 Thread 0x000001d9dffa8040 nmethod 1467 0x000001d9c9d49810 code [0x000001d9c9d499c0, 0x000001d9c9d49c28]
Event: 1.609 Thread 0x000001d9dffa8040 1468       3       org.eclipse.osgi.internal.framework.EquinoxBundle::getBundle (2 bytes)
Event: 1.609 Thread 0x000001d9dffa8040 nmethod 1468 0x000001d9c9d49d90 code [0x000001d9c9d49f20, 0x000001d9c9d4a038]
Event: 1.610 Thread 0x000001d9dffa8040 1473       1       org.eclipse.osgi.container.ModuleContainer::getModuleLockTimeout (5 bytes)
Event: 1.610 Thread 0x000001d9dffa8040 nmethod 1473 0x000001d9d1630110 code [0x000001d9d16302a0, 0x000001d9d1630378]
Event: 1.610 Thread 0x000001d9dffa8040 1474       3       java.util.concurrent.locks.ReentrantReadWriteLock$Sync::sharedCount (5 bytes)
Event: 1.610 Thread 0x000001d9dffa8040 nmethod 1474 0x000001d9c9d4a110 code [0x000001d9c9d4a2a0, 0x000001d9c9d4a398]
Event: 1.610 Thread 0x000001d9dffa8040 1475       3       org.eclipse.osgi.container.Module::compareTo (9 bytes)
Event: 1.611 Thread 0x000001d9dffa8040 nmethod 1475 0x000001d9c9d4a410 code [0x000001d9c9d4a5c0, 0x000001d9c9d4a7e8]
Event: 1.611 Thread 0x000001d9dffa8040 1476       3       org.eclipse.osgi.container.Module::compareTo (54 bytes)
Event: 1.611 Thread 0x000001d9dffa8040 nmethod 1476 0x000001d9c9d4a890 code [0x000001d9c9d4aa60, 0x000001d9c9d4ad58]
Event: 1.611 Thread 0x000001d9dffa8040 1477       3       java.util.ArrayList$SubList::checkForComodification (23 bytes)
Event: 1.611 Thread 0x000001d9dffa8040 nmethod 1477 0x000001d9c9d4ae90 code [0x000001d9c9d4b040, 0x000001d9c9d4b268]
Event: 1.611 Thread 0x000001d9dffa8040 1479       3       java.util.RegularEnumSet::contains (57 bytes)
Event: 1.612 Thread 0x000001d9dffa8040 nmethod 1479 0x000001d9c9d4b390 code [0x000001d9c9d4b560, 0x000001d9c9d4b948]
Event: 1.612 Thread 0x000001d9dffa8040 1480       3       java.lang.invoke.MemberName::getType (19 bytes)
Event: 1.612 Thread 0x000001d9dffa8040 nmethod 1480 0x000001d9c9d4ba90 code [0x000001d9c9d4bc60, 0x000001d9c9d4bff8]
Event: 1.612 Thread 0x000001d9dffa8040 1481   !   3       java.net.URLClassLoader$1::run (81 bytes)

GC Heap History (2 events):
Event: 1.115 GC heap before
{Heap before GC invocations=1 (full 0):
 PSYoungGen      total 29696K, used 25600K [0x00000000eab00000, 0x00000000ecc00000, 0x0000000100000000)
  eden space 25600K, 100% used [0x00000000eab00000,0x00000000ec400000,0x00000000ec400000)
  from space 4096K, 0% used [0x00000000ec800000,0x00000000ec800000,0x00000000ecc00000)
  to   space 4096K, 0% used [0x00000000ec400000,0x00000000ec400000,0x00000000ec800000)
 ParOldGen       total 68608K, used 0K [0x00000000c0000000, 0x00000000c4300000, 0x00000000eab00000)
  object space 68608K, 0% used [0x00000000c0000000,0x00000000c0000000,0x00000000c4300000)
 Metaspace       used 10948K, committed 11072K, reserved 1114112K
  class space    used 1090K, committed 1152K, reserved 1048576K
}
Event: 1.121 GC heap after
{Heap after GC invocations=1 (full 0):
 PSYoungGen      total 29696K, used 3157K [0x00000000eab00000, 0x00000000ecc00000, 0x0000000100000000)
  eden space 25600K, 0% used [0x00000000eab00000,0x00000000eab00000,0x00000000ec400000)
  from space 4096K, 77% used [0x00000000ec400000,0x00000000ec7154f8,0x00000000ec800000)
  to   space 4096K, 0% used [0x00000000ec800000,0x00000000ec800000,0x00000000ecc00000)
 ParOldGen       total 68608K, used 16K [0x00000000c0000000, 0x00000000c4300000, 0x00000000eab00000)
  object space 68608K, 0% used [0x00000000c0000000,0x00000000c0004000,0x00000000c4300000)
 Metaspace       used 10948K, committed 11072K, reserved 1114112K
  class space    used 1090K, committed 1152K, reserved 1048576K
}

Dll operation events (8 events):
Event: 0.010 Loaded shared library c:\Users\Heduardo\.vscode\extensions\redhat.java-1.38.0-win32-x64\jre\17.0.13-win32-x86_64\bin\java.dll
Event: 0.226 Loaded shared library c:\Users\Heduardo\.vscode\extensions\redhat.java-1.38.0-win32-x64\jre\17.0.13-win32-x86_64\bin\zip.dll
Event: 0.229 Loaded shared library C:\Users\Heduardo\.vscode\extensions\redhat.java-1.38.0-win32-x64\jre\17.0.13-win32-x86_64\bin\instrument.dll
Event: 0.242 Loaded shared library C:\Users\Heduardo\.vscode\extensions\redhat.java-1.38.0-win32-x64\jre\17.0.13-win32-x86_64\bin\net.dll
Event: 0.245 Loaded shared library C:\Users\Heduardo\.vscode\extensions\redhat.java-1.38.0-win32-x64\jre\17.0.13-win32-x86_64\bin\nio.dll
Event: 0.253 Loaded shared library C:\Users\Heduardo\.vscode\extensions\redhat.java-1.38.0-win32-x64\jre\17.0.13-win32-x86_64\bin\zip.dll
Event: 0.281 Loaded shared library C:\Users\Heduardo\.vscode\extensions\redhat.java-1.38.0-win32-x64\jre\17.0.13-win32-x86_64\bin\jimage.dll
Event: 0.392 Loaded shared library c:\Users\Heduardo\.vscode\extensions\redhat.java-1.38.0-win32-x64\jre\17.0.13-win32-x86_64\bin\verify.dll

Deoptimization events (20 events):
Event: 1.302 Thread 0x000001d9c6e200b0 Uncommon trap: trap_request=0xffffffc6 fr.pc=0x000001d9d15bdc60 relative=0x00000000000002c0
Event: 1.302 Thread 0x000001d9c6e200b0 Uncommon trap: reason=bimorphic_or_optimized_type_check action=maybe_recompile pc=0x000001d9d15bdc60 method=java.util.Collections$UnmodifiableCollection$1.next()Ljava/lang/Object; @ 4 c2
Event: 1.302 Thread 0x000001d9c6e200b0 DEOPT PACKING pc=0x000001d9d15bdc60 sp=0x0000000f6e0f7de0
Event: 1.302 Thread 0x000001d9c6e200b0 DEOPT UNPACKING pc=0x000001d9d10466a3 sp=0x0000000f6e0f7d90 mode 2
Event: 1.455 Thread 0x000001d9c6e200b0 Uncommon trap: trap_request=0xffffffde fr.pc=0x000001d9d15fec8c relative=0x000000000000094c
Event: 1.455 Thread 0x000001d9c6e200b0 Uncommon trap: reason=class_check action=maybe_recompile pc=0x000001d9d15fec8c method=java.util.HashMap.putVal(ILjava/lang/Object;Ljava/lang/Object;ZZ)Ljava/lang/Object; @ 253 c2
Event: 1.455 Thread 0x000001d9c6e200b0 DEOPT PACKING pc=0x000001d9d15fec8c sp=0x0000000f6e0fdc00
Event: 1.455 Thread 0x000001d9c6e200b0 DEOPT UNPACKING pc=0x000001d9d10466a3 sp=0x0000000f6e0fdb80 mode 2
Event: 1.457 Thread 0x000001d9c6e200b0 Uncommon trap: trap_request=0xffffffde fr.pc=0x000001d9d15fec8c relative=0x000000000000094c
Event: 1.457 Thread 0x000001d9c6e200b0 Uncommon trap: reason=class_check action=maybe_recompile pc=0x000001d9d15fec8c method=java.util.HashMap.putVal(ILjava/lang/Object;Ljava/lang/Object;ZZ)Ljava/lang/Object; @ 253 c2
Event: 1.457 Thread 0x000001d9c6e200b0 DEOPT PACKING pc=0x000001d9d15fec8c sp=0x0000000f6e0fdc00
Event: 1.457 Thread 0x000001d9c6e200b0 DEOPT UNPACKING pc=0x000001d9d10466a3 sp=0x0000000f6e0fdb80 mode 2
Event: 1.506 Thread 0x000001d9c6e200b0 DEOPT PACKING pc=0x000001d9c9bdba94 sp=0x0000000f6e0fc140
Event: 1.506 Thread 0x000001d9c6e200b0 DEOPT UNPACKING pc=0x000001d9d1046e43 sp=0x0000000f6e0fb5c0 mode 0
Event: 1.517 Thread 0x000001d9c6e200b0 DEOPT PACKING pc=0x000001d9c9b7ca80 sp=0x0000000f6e0fbf40
Event: 1.517 Thread 0x000001d9c6e200b0 DEOPT UNPACKING pc=0x000001d9d1046e43 sp=0x0000000f6e0fb3c0 mode 0
Event: 1.517 Thread 0x000001d9c6e200b0 DEOPT PACKING pc=0x000001d9c9bdba94 sp=0x0000000f6e0fc0a0
Event: 1.517 Thread 0x000001d9c6e200b0 DEOPT UNPACKING pc=0x000001d9d1046e43 sp=0x0000000f6e0fb520 mode 0
Event: 1.519 Thread 0x000001d9c6e200b0 DEOPT PACKING pc=0x000001d9c9bdba94 sp=0x0000000f6e0fc390
Event: 1.519 Thread 0x000001d9c6e200b0 DEOPT UNPACKING pc=0x000001d9d1046e43 sp=0x0000000f6e0fb810 mode 0

Classes loaded (20 events):
Event: 1.481 Loading class javax/xml/parsers/ParserConfigurationException
Event: 1.482 Loading class javax/xml/parsers/ParserConfigurationException done
Event: 1.487 Loading class java/security/KeyStoreException
Event: 1.488 Loading class java/security/KeyStoreException done
Event: 1.496 Loading class sun/security/x509/SubjectAlternativeNameExtension
Event: 1.496 Loading class sun/security/x509/SubjectAlternativeNameExtension done
Event: 1.496 Loading class sun/security/x509/RFC822Name
Event: 1.496 Loading class sun/security/x509/RFC822Name done
Event: 1.535 Loading class java/util/LinkedList$Node
Event: 1.535 Loading class java/util/LinkedList$Node done
Event: 1.535 Loading class java/util/LinkedList$ListItr
Event: 1.535 Loading class java/util/LinkedList$ListItr done
Event: 1.549 Loading class sun/nio/fs/WindowsChannelFactory
Event: 1.549 Loading class sun/nio/fs/WindowsChannelFactory done
Event: 1.549 Loading class sun/nio/fs/WindowsChannelFactory$1
Event: 1.549 Loading class sun/nio/fs/WindowsChannelFactory$1 done
Event: 1.549 Loading class sun/nio/fs/WindowsChannelFactory$Flags
Event: 1.549 Loading class sun/nio/fs/WindowsChannelFactory$Flags done
Event: 1.550 Loading class sun/nio/ch/FileChannelImpl$Closer
Event: 1.550 Loading class sun/nio/ch/FileChannelImpl$Closer done

Classes unloaded (0 events):
No events

Classes redefined (0 events):
No events

Internal exceptions (20 events):
Event: 0.842 Thread 0x000001d9c6e200b0 Exception <a 'java/io/FileNotFoundException'{0x00000000eb89ae38}> (0x00000000eb89ae38) 
thrown [s\src\hotspot\share\prims\jni.cpp, line 516]
Event: 0.842 Thread 0x000001d9c6e200b0 Exception <a 'java/io/FileNotFoundException'{0x00000000eb89bb78}> (0x00000000eb89bb78) 
thrown [s\src\hotspot\share\prims\jni.cpp, line 516]
Event: 0.852 Thread 0x000001d9c6e200b0 Implicit null exception at 0x000001d9d15b86f2 to 0x000001d9d15b8c40
Event: 0.856 Thread 0x000001d9c6e200b0 Exception <a 'java/io/FileNotFoundException'{0x00000000eb8d6740}> (0x00000000eb8d6740) 
thrown [s\src\hotspot\share\prims\jni.cpp, line 516]
Event: 1.038 Thread 0x000001d9c6e200b0 Exception <a 'java/lang/ClassNotFoundException'{0x00000000ec119b90}: sun/net/www/protocol/c/Handler> (0x00000000ec119b90) 
thrown [s\src\hotspot\share\classfile\systemDictionary.cpp, line 256]
Event: 1.038 Thread 0x000001d9c6e200b0 Exception <a 'java/lang/ClassNotFoundException'{0x00000000ec11aed8}: sun/net/www/protocol/c/Handler> (0x00000000ec11aed8) 
thrown [s\src\hotspot\share\classfile\systemDictionary.cpp, line 256]
Event: 1.038 Thread 0x000001d9c6e200b0 Exception <a 'java/lang/ClassNotFoundException'{0x00000000ec11c050}: sun/net/www/protocol/c/Handler> (0x00000000ec11c050) 
thrown [s\src\hotspot\share\classfile\systemDictionary.cpp, line 256]
Event: 1.047 Thread 0x000001d9c6e200b0 Exception <a 'java/io/FileNotFoundException'{0x00000000ec13f868}> (0x00000000ec13f868) 
thrown [s\src\hotspot\share\prims\jni.cpp, line 516]
Event: 1.081 Thread 0x000001d9c6e200b0 Implicit null exception at 0x000001d9d15ed780 to 0x000001d9d15ee160
Event: 1.081 Thread 0x000001d9c6e200b0 Implicit null exception at 0x000001d9d15e038c to 0x000001d9d15e05b8
Event: 1.081 Thread 0x000001d9c6e200b0 Implicit null exception at 0x000001d9d15e128c to 0x000001d9d15e14b8
Event: 1.081 Thread 0x000001d9c6e200b0 Implicit null exception at 0x000001d9d15d9c8f to 0x000001d9d15d9d09
Event: 1.125 Thread 0x000001d9c6e200b0 Exception <a 'java/lang/NoSuchMethodError'{0x00000000eab1ba20}: 'int java.lang.invoke.DirectMethodHandle$Holder.invokeStaticInit(java.lang.Object, java.lang.Object, java.lang.Object, java.lang.Object)'> (0x00000000eab1ba20) 
thrown [s\src\hotspot\share\interpreter\linkResolver.cpp, line 759]
Event: 1.126 Thread 0x000001d9c6e200b0 Exception <a 'java/lang/NoSuchMethodError'{0x00000000eab26188}: 'java.lang.Object java.lang.invoke.DirectMethodHandle$Holder.invokeInterface(java.lang.Object, java.lang.Object)'> (0x00000000eab26188) 
thrown [s\src\hotspot\share\interpreter\linkResolver.cpp, line 759]
Event: 1.126 Thread 0x000001d9c6e200b0 Exception <a 'java/lang/IncompatibleClassChangeError'{0x00000000eab29980}: Found class java.lang.Object, but interface was expected> (0x00000000eab29980) 
thrown [s\src\hotspot\share\interpreter\linkResolver.cpp, line 826]
Event: 1.127 Thread 0x000001d9c6e200b0 Exception <a 'java/lang/NoSuchMethodError'{0x00000000eab2de60}: 'void java.lang.invoke.DirectMethodHandle$Holder.invokeStatic(java.lang.Object, java.lang.Object)'> (0x00000000eab2de60) 
thrown [s\src\hotspot\share\interpreter\linkResolver.cpp, line 759]
Event: 1.127 Thread 0x000001d9c6e200b0 Exception <a 'java/lang/NoSuchMethodError'{0x00000000eab31660}: 'void java.lang.invoke.DirectMethodHandle$Holder.invokeStaticInit(java.lang.Object, java.lang.Object)'> (0x00000000eab31660) 
thrown [s\src\hotspot\share\interpreter\linkResolver.cpp, line 759]
Event: 1.128 Thread 0x000001d9c6e200b0 Exception <a 'java/lang/NoSuchMethodError'{0x00000000eab38ba0}: 'int java.lang.invoke.DirectMethodHandle$Holder.invokeStaticInit(java.lang.Object, java.lang.Object)'> (0x00000000eab38ba0) 
thrown [s\src\hotspot\share\interpreter\linkResolver.cpp, line 759]
Event: 1.191 Thread 0x000001d9c6e200b0 Exception <a 'java/lang/NoSuchMethodError'{0x00000000eaca3208}: 'void java.lang.invoke.DirectMethodHandle$Holder.invokeSpecial(java.lang.Object, java.lang.Object, java.lang.Object)'> (0x00000000eaca3208) 
thrown [s\src\hotspot\share\interpreter\linkResolver.cpp, line 759]
Event: 1.436 Thread 0x000001d9c6e200b0 Exception <a 'java/lang/NoSuchMethodError'{0x00000000eb975128}: 'java.lang.Object java.lang.invoke.DirectMethodHandle$Holder.newInvokeSpecial(java.lang.Object, int, java.lang.Object)'> (0x00000000eb975128) 
thrown [s\src\hotspot\share\interpreter\linkResolver.cpp, line 759]

VM Operations (20 events):
Event: 0.803 Executing VM operation: HandshakeAllThreads
Event: 0.803 Executing VM operation: HandshakeAllThreads done
Event: 0.828 Executing VM operation: HandshakeAllThreads
Event: 0.828 Executing VM operation: HandshakeAllThreads done
Event: 1.022 Executing VM operation: HandshakeAllThreads
Event: 1.022 Executing VM operation: HandshakeAllThreads done
Event: 1.047 Executing VM operation: ICBufferFull
Event: 1.047 Executing VM operation: ICBufferFull done
Event: 1.115 Executing VM operation: ParallelGCFailedAllocation
Event: 1.121 Executing VM operation: ParallelGCFailedAllocation done
Event: 1.406 Executing VM operation: HandshakeAllThreads
Event: 1.406 Executing VM operation: HandshakeAllThreads done
Event: 1.407 Executing VM operation: HandshakeAllThreads
Event: 1.407 Executing VM operation: HandshakeAllThreads done
Event: 1.416 Executing VM operation: HandshakeAllThreads
Event: 1.416 Executing VM operation: HandshakeAllThreads done
Event: 1.430 Executing VM operation: HandshakeAllThreads
Event: 1.430 Executing VM operation: HandshakeAllThreads done
Event: 1.605 Executing VM operation: ICBufferFull
Event: 1.606 Executing VM operation: ICBufferFull done

Memory protections (0 events):
No events

Nmethod flushes (0 events):
No events

Events (15 events):
Event: 0.047 Thread 0x000001d9c6e200b0 Thread added: 0x000001d9c6e200b0
Event: 0.057 Thread 0x000001d9c6e200b0 Thread added: 0x000001d9c6ed51b0
Event: 0.057 Thread 0x000001d9c6e200b0 Thread added: 0x000001d9dff251b0
Event: 0.083 Thread 0x000001d9c6e200b0 Thread added: 0x000001d9dacb80e0
Event: 0.083 Thread 0x000001d9c6e200b0 Thread added: 0x000001d9dacb8e70
Event: 0.083 Thread 0x000001d9c6e200b0 Thread added: 0x000001d9dacb9cf0
Event: 0.083 Thread 0x000001d9c6e200b0 Thread added: 0x000001d9dacbd6d0
Event: 0.083 Thread 0x000001d9c6e200b0 Thread added: 0x000001d9dacbe3c0
Event: 0.085 Thread 0x000001d9c6e200b0 Thread added: 0x000001d9dffa8040
Event: 0.085 Thread 0x000001d9c6e200b0 Thread added: 0x000001d9dffbd100
Event: 0.174 Thread 0x000001d9c6e200b0 Thread added: 0x000001d9e00be8b0
Event: 0.216 Thread 0x000001d9dffa8040 Thread added: 0x000001d9e00f6030
Event: 0.588 Thread 0x000001d9c6e200b0 Thread added: 0x000001d9e0eda040
Event: 0.818 Thread 0x000001d9dacbe3c0 Thread added: 0x000001d9e0edeb10
Event: 1.396 Thread 0x000001d9c6e200b0 Thread added: 0x000001d9e13c9a60


Dynamic libraries:
0x00007ff743ca0000 - 0x00007ff743cae000 	c:\Users\Heduardo\.vscode\extensions\redhat.java-1.38.0-win32-x64\jre\17.0.13-win32-x86_64\bin\java.exe
0x00007ffbaa1b0000 - 0x00007ffbaa3a8000 	C:\WINDOWS\SYSTEM32\ntdll.dll
0x00007ffba9ee0000 - 0x00007ffba9f9d000 	C:\WINDOWS\System32\KERNEL32.DLL
0x00007ffba7e50000 - 0x00007ffba8146000 	C:\WINDOWS\System32\KERNELBASE.dll
0x00007ffba7ae0000 - 0x00007ffba7be0000 	C:\WINDOWS\System32\ucrtbase.dll
0x00007ffba3510000 - 0x00007ffba3527000 	c:\Users\Heduardo\.vscode\extensions\redhat.java-1.38.0-win32-x64\jre\17.0.13-win32-x86_64\bin\jli.dll
0x00007ffba2850000 - 0x00007ffba286e000 	c:\Users\Heduardo\.vscode\extensions\redhat.java-1.38.0-win32-x64\jre\17.0.13-win32-x86_64\bin\VCRUNTIME140.dll
0x00007ffba8a30000 - 0x00007ffba8bcf000 	C:\WINDOWS\System32\USER32.dll
0x00007ffb98d70000 - 0x00007ffb9900a000 	C:\WINDOWS\WinSxS\amd64_microsoft.windows.common-controls_6595b64144ccf1df_6.0.19041.4355_none_60b8b9eb71f62e16\COMCTL32.dll
0x00007ffba7ab0000 - 0x00007ffba7ad2000 	C:\WINDOWS\System32\win32u.dll
0x00007ffba8860000 - 0x00007ffba88fe000 	C:\WINDOWS\System32\msvcrt.dll
0x00007ffba81e0000 - 0x00007ffba820b000 	C:\WINDOWS\System32\GDI32.dll
0x00007ffba7990000 - 0x00007ffba7aa7000 	C:\WINDOWS\System32\gdi32full.dll
0x00007ffba7d40000 - 0x00007ffba7ddd000 	C:\WINDOWS\System32\msvcp_win.dll
0x00007ffba8bd0000 - 0x00007ffba8c02000 	C:\WINDOWS\System32\IMM32.DLL
0x00007ffba34c0000 - 0x00007ffba34cc000 	c:\Users\Heduardo\.vscode\extensions\redhat.java-1.38.0-win32-x64\jre\17.0.13-win32-x86_64\bin\vcruntime140_1.dll
0x00007ffb7d370000 - 0x00007ffb7d3fd000 	c:\Users\Heduardo\.vscode\extensions\redhat.java-1.38.0-win32-x64\jre\17.0.13-win32-x86_64\bin\msvcp140.dll
0x00007ffb41f20000 - 0x00007ffb42b8b000 	c:\Users\Heduardo\.vscode\extensions\redhat.java-1.38.0-win32-x64\jre\17.0.13-win32-x86_64\bin\server\jvm.dll
0x00007ffba98f0000 - 0x00007ffba99a0000 	C:\WINDOWS\System32\ADVAPI32.dll
0x00007ffba99a0000 - 0x00007ffba9a40000 	C:\WINDOWS\System32\sechost.dll
0x00007ffba8900000 - 0x00007ffba8a23000 	C:\WINDOWS\System32\RPCRT4.dll
0x00007ffba7860000 - 0x00007ffba7887000 	C:\WINDOWS\System32\bcrypt.dll
0x00007ffba9490000 - 0x00007ffba94fb000 	C:\WINDOWS\System32\WS2_32.dll
0x00007ffba6d90000 - 0x00007ffba6ddb000 	C:\WINDOWS\SYSTEM32\POWRPROF.dll
0x00007ffb96200000 - 0x00007ffb96227000 	C:\WINDOWS\SYSTEM32\WINMM.dll
0x00007ffba06d0000 - 0x00007ffba06da000 	C:\WINDOWS\SYSTEM32\VERSION.dll
0x00007ffba6c50000 - 0x00007ffba6c62000 	C:\WINDOWS\SYSTEM32\UMPDC.dll
0x00007ffba56e0000 - 0x00007ffba56f2000 	C:\WINDOWS\SYSTEM32\kernel.appcore.dll
0x00007ffba2b60000 - 0x00007ffba2b6a000 	c:\Users\Heduardo\.vscode\extensions\redhat.java-1.38.0-win32-x64\jre\17.0.13-win32-x86_64\bin\jimage.dll
0x00007ffb94ce0000 - 0x00007ffb94ec4000 	C:\WINDOWS\SYSTEM32\DBGHELP.DLL
0x00007ffb79e20000 - 0x00007ffb79e54000 	C:\WINDOWS\SYSTEM32\dbgcore.DLL
0x00007ffba8150000 - 0x00007ffba81d2000 	C:\WINDOWS\System32\bcryptPrimitives.dll
0x00007ffba2ab0000 - 0x00007ffba2abe000 	c:\Users\Heduardo\.vscode\extensions\redhat.java-1.38.0-win32-x64\jre\17.0.13-win32-x86_64\bin\instrument.dll
0x00007ffba2420000 - 0x00007ffba2445000 	c:\Users\Heduardo\.vscode\extensions\redhat.java-1.38.0-win32-x64\jre\17.0.13-win32-x86_64\bin\java.dll
0x00007ffba2810000 - 0x00007ffba2828000 	c:\Users\Heduardo\.vscode\extensions\redhat.java-1.38.0-win32-x64\jre\17.0.13-win32-x86_64\bin\zip.dll
0x00007ffba8d20000 - 0x00007ffba948b000 	C:\WINDOWS\System32\SHELL32.dll
0x00007ffba58e0000 - 0x00007ffba607d000 	C:\WINDOWS\SYSTEM32\windows.storage.dll
0x00007ffba9b80000 - 0x00007ffba9ed3000 	C:\WINDOWS\System32\combase.dll
0x00007ffba7280000 - 0x00007ffba72ae000 	C:\WINDOWS\SYSTEM32\Wldp.dll
0x00007ffba8280000 - 0x00007ffba834d000 	C:\WINDOWS\System32\OLEAUT32.dll
0x00007ffba8c10000 - 0x00007ffba8cbd000 	C:\WINDOWS\System32\SHCORE.dll
0x00007ffba9520000 - 0x00007ffba9575000 	C:\WINDOWS\System32\shlwapi.dll
0x00007ffba7790000 - 0x00007ffba77b4000 	C:\WINDOWS\SYSTEM32\profapi.dll
0x00007ffba1860000 - 0x00007ffba1879000 	C:\Users\Heduardo\.vscode\extensions\redhat.java-1.38.0-win32-x64\jre\17.0.13-win32-x86_64\bin\net.dll
0x00007ffba0240000 - 0x00007ffba034a000 	C:\WINDOWS\SYSTEM32\WINHTTP.dll
0x00007ffba6fe0000 - 0x00007ffba704a000 	C:\WINDOWS\system32\mswsock.dll
0x00007ffb9e470000 - 0x00007ffb9e486000 	C:\Users\Heduardo\.vscode\extensions\redhat.java-1.38.0-win32-x64\jre\17.0.13-win32-x86_64\bin\nio.dll
0x00007ffba2a80000 - 0x00007ffba2a90000 	c:\Users\Heduardo\.vscode\extensions\redhat.java-1.38.0-win32-x64\jre\17.0.13-win32-x86_64\bin\verify.dll
0x00007ffb97c90000 - 0x00007ffb97cd5000 	C:\Users\Heduardo\AppData\Roaming\Code\User\globalStorage\redhat.java\1.38.0\config_ss_win\org.eclipse.equinox.launcher\org.eclipse.equinox.launcher.win32.win32.x86_64_1.2.1100.v20240722-2106\eclipse_11904.dll
0x00007ffba9580000 - 0x00007ffba96ab000 	C:\WINDOWS\System32\ole32.dll

dbghelp: loaded successfully - version: 4.0.5 - missing functions: none
symbol engine: initialized successfully - sym options: 0x614 - pdb path: .;c:\Users\Heduardo\.vscode\extensions\redhat.java-1.38.0-win32-x64\jre\17.0.13-win32-x86_64\bin;C:\WINDOWS\SYSTEM32;C:\WINDOWS\WinSxS\amd64_microsoft.windows.common-controls_6595b64144ccf1df_6.0.19041.4355_none_60b8b9eb71f62e16;c:\Users\Heduardo\.vscode\extensions\redhat.java-1.38.0-win32-x64\jre\17.0.13-win32-x86_64\bin\server;C:\Users\Heduardo\AppData\Roaming\Code\User\globalStorage\redhat.java\1.38.0\config_ss_win\org.eclipse.equinox.launcher\org.eclipse.equinox.launcher.win32.win32.x86_64_1.2.1100.v20240722-2106

VM Arguments:
jvm_args: --add-modules=ALL-SYSTEM --add-opens=java.base/java.util=ALL-UNNAMED --add-opens=java.base/java.lang=ALL-UNNAMED --add-opens=java.base/sun.nio.fs=ALL-UNNAMED -Declipse.application=org.eclipse.jdt.ls.core.id1 -Dosgi.bundles.defaultStartLevel=4 -Declipse.product=org.eclipse.jdt.ls.core.product -Djava.import.generatesMetadataFilesAtProjectRoot=false -DDetectVMInstallationsJob.disabled=true -Dfile.encoding=utf8 -XX:+UseParallelGC -XX:GCTimeRatio=4 -XX:AdaptiveSizePolicyWeight=90 -Dsun.zip.disableMemoryMapping=true -Xmx1G -Xms100m -Xlog:disable -javaagent:c:\Users\Heduardo\.vscode\extensions\redhat.java-1.38.0-win32-x64\lombok\lombok-1.18.34.jar 
java_command: c:\Users\Heduardo\.vscode\extensions\redhat.java-1.38.0-win32-x64\server\plugins\org.eclipse.equinox.launcher_1.6.900.v20240613-2009.jar -configuration c:\Users\Heduardo\AppData\Roaming\Code\User\globalStorage\redhat.java\1.38.0\config_ss_win -data c:\Users\Heduardo\AppData\Roaming\Code\User\workspaceStorage\9bb6aeb47d9749888fd4142de8cfd7c1\redhat.java\ss_ws --pipe=\\.\pipe\lsp-a866e2c449993bed1ca3b8aa55be7249-sock
java_class_path (initial): c:\Users\Heduardo\.vscode\extensions\redhat.java-1.38.0-win32-x64\server\plugins\org.eclipse.equinox.launcher_1.6.900.v20240613-2009.jar
Launcher Type: SUN_STANDARD

[Global flags]
    uintx AdaptiveSizePolicyWeight                 = 90                                        {product} {command line}
     intx CICompilerCount                          = 4                                         {product} {ergonomic}
    uintx GCTimeRatio                              = 4                                         {product} {command line}
   size_t InitialHeapSize                          = 104857600                                 {product} {command line}
   size_t MaxHeapSize                              = 1073741824                                {product} {command line}
   size_t MaxNewSize                               = 357564416                                 {product} {ergonomic}
   size_t MinHeapDeltaBytes                        = 524288                                    {product} {ergonomic}
   size_t MinHeapSize                              = 104857600                                 {product} {command line}
   size_t NewSize                                  = 34603008                                  {product} {ergonomic}
    uintx NonNMethodCodeHeapSize                   = 5839372                                {pd product} {ergonomic}
    uintx NonProfiledCodeHeapSize                  = 122909434                              {pd product} {ergonomic}
   size_t OldSize                                  = 70254592                                  {product} {ergonomic}
    uintx ProfiledCodeHeapSize                     = 122909434                              {pd product} {ergonomic}
    uintx ReservedCodeCacheSize                    = 251658240                              {pd product} {ergonomic}
     bool SegmentedCodeCache                       = true                                      {product} {ergonomic}
   size_t SoftMaxHeapSize                          = 1073741824                             {manageable} {ergonomic}
     bool UseCompressedClassPointers               = true                           {product lp64_product} {ergonomic}
     bool UseCompressedOops                        = true                           {product lp64_product} {ergonomic}
     bool UseLargePagesIndividualAllocation        = false                                  {pd product} {ergonomic}
     bool UseParallelGC                            = true                                      {product} {command line}

Logging:
Log output configuration:
 #0: stdout all=off uptime,level,tags
 #1: stderr all=off uptime,level,tags

Environment Variables:
JAVA_HOME=C:\Program Files\Java\jdk-23
PATH=C:\Program Files\Common Files\Oracle\Java\javapath;C:\Program Files (x86)\Common Files\Oracle\Java\java8path;C:\Program Files (x86)\Common Files\Oracle\Java\javapath;C:\Windows\system32;C:\Windows;C:\Windows\System32\Wbem;C:\Windows\System32\WindowsPowerShell\v1.0\;C:\Windows\System32\OpenSSH\;C:\Program Files (x86)\NVIDIA Corporation\PhysX\Common;C:\Program Files\NVIDIA Corporation\NVIDIA NvDLISR;C:\WINDOWS\system32;C:\WINDOWS;C:\WINDOWS\System32\Wbem;C:\WINDOWS\System32\WindowsPowerShell\v1.0\;C:\WINDOWS\System32\OpenSSH\;C:\Program Files\nodejs\;C:\Program Files\Git\cmd;C:\Program Files\Java\jdk-23\bin;C:\Program Files\Maven\apache-maven-3.9.9\bin;C:\Users\Heduardo\AppData\Local\Microsoft\WindowsApps;C:\Users\Heduardo\AppData\Roaming\npm;C:\Users\Heduardo\AppData\Local\Programs\Microsoft VS Code\bin;C:\altera\13.0sp1\modelsim_ase\win32aloem
USERNAME=Heduardo
OS=Windows_NT
PROCESSOR_IDENTIFIER=Intel64 Family 6 Model 158 Stepping 13, GenuineIntel
TMP=C:\Users\Heduardo\AppData\Local\Temp
TEMP=C:\Users\Heduardo\AppData\Local\Temp



Periodic native trim disabled


---------------  S Y S T E M  ---------------

OS:
 Windows 10 , 64 bit Build 19041 (10.0.19041.3636)
OS uptime: 0 days 0:24 hours

CPU: total 8 (initial active 8) (4 cores per cpu, 2 threads per core) family 6 model 158 stepping 13 microcode 0xc6, cx8, cmov, fxsr, ht, mmx, 3dnowpref, sse, sse2, sse3, ssse3, sse4.1, sse4.2, popcnt, lzcnt, tsc, tscinvbit, avx, avx2, aes, erms, clmul, bmi1, bmi2, adx, fma, vzeroupper, clflush, clflushopt
Processor Information for all 8 processors :
  Max Mhz: 2400, Current Mhz: 2400, Mhz Limit: 2400

Memory: 4k page, system-wide physical 8112M (1299M free)
TotalPageFile size 8112M (AvailPageFile size 3M)
current process WorkingSet (physical memory assigned to process): 84M, peak: 84M
current process commit charge ("private bytes"): 205M, peak: 205M

vm_info: OpenJDK 64-Bit Server VM (17.0.13+11) for windows-amd64 JRE (17.0.13+11), built on Oct 16 2024 00:10:08 by "admin" with MS VC++ 17.7 (VS2022)

END.
