#
# There is insufficient memory for the Java Runtime Environment to continue.
# Native memory allocation (malloc) failed to allocate 593840 bytes. Error detail: Chunk::new
# Possible reasons:
#   The system is out of physical RAM or swap space
#   This process is running with CompressedOops enabled, and the Java Heap may be blocking the growth of the native heap
# Possible solutions:
#   Reduce memory load on the system
#   Increase physical memory or swap space
#   Check if swap backing store is full
#   Decrease Java heap size (-Xmx/-Xms)
#   Decrease number of Java threads
#   Decrease Java thread stack sizes (-Xss)
#   Set larger code cache with -XX:ReservedCodeCacheSize=
#   JVM is running with Unscaled Compressed Oops mode in which the Java heap is
#     placed in the first 4GB address space. The Java Heap base address is the
#     maximum limit for the native heap growth. Please use -XX:HeapBaseMinAddress
#     to set the Java Heap base and to place the Java Heap above 4GB virtual address.
# This output file may be truncated or incomplete.
#
#  Out of Memory Error (arena.cpp:191), pid=11952, tid=7300
#
# JRE version: OpenJDK Runtime Environment Temurin-17.0.13+11 (17.0.13+11) (build 17.0.13+11)
# Java VM: OpenJDK 64-Bit Server VM Temurin-17.0.13+11 (17.0.13+11, mixed mode, tiered, compressed oops, compressed class ptrs, parallel gc, windows-amd64)
# No core dump will be written. Minidumps are not enabled by default on client versions of Windows
#

---------------  S U M M A R Y ------------

Command Line: --add-modules=ALL-SYSTEM --add-opens=java.base/java.util=ALL-UNNAMED --add-opens=java.base/java.lang=ALL-UNNAMED --add-opens=java.base/sun.nio.fs=ALL-UNNAMED -Declipse.application=org.eclipse.jdt.ls.core.id1 -Dosgi.bundles.defaultStartLevel=4 -Declipse.product=org.eclipse.jdt.ls.core.product -Djava.import.generatesMetadataFilesAtProjectRoot=false -DDetectVMInstallationsJob.disabled=true -Dfile.encoding=utf8 -XX:+UseParallelGC -XX:GCTimeRatio=4 -XX:AdaptiveSizePolicyWeight=90 -Dsun.zip.disableMemoryMapping=true -Xmx1G -Xms100m -Xlog:disable -javaagent:c:\Users\Heduardo\.vscode\extensions\redhat.java-1.38.0-win32-x64\lombok\lombok-1.18.34.jar c:\Users\Heduardo\.vscode\extensions\redhat.java-1.38.0-win32-x64\server\plugins\org.eclipse.equinox.launcher_1.6.900.v20240613-2009.jar -configuration c:\Users\Heduardo\AppData\Roaming\Code\User\globalStorage\redhat.java\1.38.0\config_ss_win -data c:\Users\Heduardo\AppData\Roaming\Code\User\workspaceStorage\9bb6aeb47d9749888fd4142de8cfd7c1\redhat.java\ss_ws --pipe=\\.\pipe\lsp-ff953594ff0310f567350291dbc481b2-sock

Host: Intel(R) Core(TM) i5-9300HF CPU @ 2.40GHz, 8 cores, 7G,  Windows 10 , 64 bit Build 19041 (10.0.19041.3636)
Time: Mon Dec 23 01:16:10 2024 Hora oficial do Brasil elapsed time: 2.519474 seconds (0d 0h 0m 2s)

---------------  T H R E A D  ---------------

Current thread (0x0000025800361060):  JavaThread "C2 CompilerThread1" daemon [_thread_in_native, id=7300, stack(0x000000a770100000,0x000000a770200000)]


Current CompileTask:
C2:   2519 2537       4       jdk.internal.jimage.BasicImageReader::verifyLocation (39 bytes)

Stack: [0x000000a770100000,0x000000a770200000]
Native frames: (J=compiled Java code, j=interpreted, Vv=VM code, C=native code)
V  [jvm.dll+0x682a19]
V  [jvm.dll+0x839538]
V  [jvm.dll+0x83afe3]
V  [jvm.dll+0x83b653]
V  [jvm.dll+0x24704f]
V  [jvm.dll+0xace34]
V  [jvm.dll+0xad4cc]
V  [jvm.dll+0x36597e]
V  [jvm.dll+0x1ba793]
V  [jvm.dll+0x2181a7]
V  [jvm.dll+0x21748f]
V  [jvm.dll+0x1a3070]
V  [jvm.dll+0x22788c]
V  [jvm.dll+0x2259eb]
V  [jvm.dll+0x7eec98]
V  [jvm.dll+0x7e8ffc]
V  [jvm.dll+0x6818f7]
C  [ucrtbase.dll+0x21bb2]
C  [KERNEL32.DLL+0x17344]
C  [ntdll.dll+0x526b1]


---------------  P R O C E S S  ---------------

Threads class SMR info:
_java_thread_list=0x0000025800db8ec0, length=23, elements={
0x0000025862b12140, 0x0000025862bc4700, 0x000002587dbe48e0, 0x00000258788fa030,
0x00000258788fadc0, 0x00000258788fc3e0, 0x000002587dc08120, 0x000002587dc09bc0,
0x000002587dc10320, 0x000002587dc123e0, 0x000002587dd1df80, 0x000002587df62670,
0x000002587f17a000, 0x00000258003eb110, 0x00000258003ebba0, 0x000002580046cfa0,
0x0000025800392050, 0x00000258001ab060, 0x00000258001ac4a0, 0x00000258001ac9b0,
0x00000258001acec0, 0x0000025800361060, 0x00000258016781e0
}

Java Threads: ( => current thread )
  0x0000025862b12140 JavaThread "main" [_thread_blocked, id=6804, stack(0x000000a76e200000,0x000000a76e300000)]
  0x0000025862bc4700 JavaThread "Reference Handler" daemon [_thread_blocked, id=4280, stack(0x000000a76e500000,0x000000a76e600000)]
  0x000002587dbe48e0 JavaThread "Finalizer" daemon [_thread_blocked, id=11704, stack(0x000000a76e600000,0x000000a76e700000)]
  0x00000258788fa030 JavaThread "Signal Dispatcher" daemon [_thread_blocked, id=6140, stack(0x000000a76e700000,0x000000a76e800000)]
  0x00000258788fadc0 JavaThread "Attach Listener" daemon [_thread_blocked, id=3512, stack(0x000000a76e800000,0x000000a76e900000)]
  0x00000258788fc3e0 JavaThread "Service Thread" daemon [_thread_blocked, id=4164, stack(0x000000a76e900000,0x000000a76ea00000)]
  0x000002587dc08120 JavaThread "Monitor Deflation Thread" daemon [_thread_blocked, id=7144, stack(0x000000a76ea00000,0x000000a76eb00000)]
  0x000002587dc09bc0 JavaThread "C2 CompilerThread0" daemon [_thread_in_native, id=7980, stack(0x000000a76eb00000,0x000000a76ec00000)]
  0x000002587dc10320 JavaThread "C1 CompilerThread0" daemon [_thread_blocked, id=10376, stack(0x000000a76ec00000,0x000000a76ed00000)]
  0x000002587dc123e0 JavaThread "Sweeper thread" daemon [_thread_blocked, id=10440, stack(0x000000a76ed00000,0x000000a76ee00000)]
  0x000002587dd1df80 JavaThread "Common-Cleaner" daemon [_thread_blocked, id=1884, stack(0x000000a76ee00000,0x000000a76ef00000)]
  0x000002587df62670 JavaThread "Notification Thread" daemon [_thread_blocked, id=8716, stack(0x000000a76f000000,0x000000a76f100000)]
  0x000002587f17a000 JavaThread "Active Thread: Equinox Container: 541d37b7-8b86-4cbd-9734-e02e306dfb43" [_thread_blocked, id=2700, stack(0x000000a76f200000,0x000000a76f300000)]
  0x00000258003eb110 JavaThread "Framework Event Dispatcher: Equinox Container: 541d37b7-8b86-4cbd-9734-e02e306dfb43" daemon [_thread_blocked, id=1252, stack(0x000000a76f900000,0x000000a76fa00000)]
  0x00000258003ebba0 JavaThread "Start Level: Equinox Container: 541d37b7-8b86-4cbd-9734-e02e306dfb43" daemon [_thread_in_Java, id=4568, stack(0x000000a76fa00000,0x000000a76fb00000)]
  0x000002580046cfa0 JavaThread "SCR Component Actor" daemon [_thread_blocked, id=2532, stack(0x000000a76fb00000,0x000000a76fc00000)]
  0x0000025800392050 JavaThread "SCR Component Registry" daemon [_thread_blocked, id=9664, stack(0x000000a76fd00000,0x000000a76fe00000)]
  0x00000258001ab060 JavaThread "Worker-JM" [_thread_blocked, id=2660, stack(0x000000a76fe00000,0x000000a76ff00000)]
  0x00000258001ac4a0 JavaThread "JNA Cleaner" daemon [_thread_blocked, id=3196, stack(0x000000a76ef00000,0x000000a76f000000)]
  0x00000258001ac9b0 JavaThread "Worker-0" [_thread_blocked, id=14808, stack(0x000000a76ff00000,0x000000a770000000)]
  0x00000258001acec0 JavaThread "Worker-1" [_thread_blocked, id=7984, stack(0x000000a770000000,0x000000a770100000)]
=>0x0000025800361060 JavaThread "C2 CompilerThread1" daemon [_thread_in_native, id=7300, stack(0x000000a770100000,0x000000a770200000)]
  0x00000258016781e0 JavaThread "C2 CompilerThread2" daemon [_thread_in_native, id=12220, stack(0x000000a770300000,0x000000a770400000)]

Other Threads:
  0x000002587dbd0c20 VMThread "VM Thread" [stack: 0x000000a76e400000,0x000000a76e500000] [id=11320]
  0x000002587df585c0 WatcherThread [stack: 0x000000a76f100000,0x000000a76f200000] [id=3352]
  0x0000025862b289e0 GCTaskThread "GC Thread#0" [stack: 0x000000a76e300000,0x000000a76e400000] [id=6544]
  0x000002587f1c3060 GCTaskThread "GC Thread#1" [stack: 0x000000a76f300000,0x000000a76f400000] [id=10220]
  0x000002587ee48bf0 GCTaskThread "GC Thread#2" [stack: 0x000000a76f400000,0x000000a76f500000] [id=8116]
  0x000002587ee48eb0 GCTaskThread "GC Thread#3" [stack: 0x000000a76f500000,0x000000a76f600000] [id=6200]
  0x000002587ee49170 GCTaskThread "GC Thread#4" [stack: 0x000000a76f600000,0x000000a76f700000] [id=8620]
  0x000002587ed4c5d0 GCTaskThread "GC Thread#5" [stack: 0x000000a76f700000,0x000000a76f800000] [id=7620]
  0x000002587ed4c890 GCTaskThread "GC Thread#6" [stack: 0x000000a76f800000,0x000000a76f900000] [id=2352]
  0x00000258000deab0 GCTaskThread "GC Thread#7" [stack: 0x000000a76fc00000,0x000000a76fd00000] [id=4128]

Threads with active compile tasks:
C2 CompilerThread0     2536 2434       4       org.lombokweb.asm.ClassReader::readMethod (1066 bytes)
C2 CompilerThread1     2537 2537       4       jdk.internal.jimage.BasicImageReader::verifyLocation (39 bytes)
C2 CompilerThread2     2537 2684       4       java.util.Properties$LineReader::readLine (584 bytes)

VM state: not at safepoint (normal execution)

VM Mutex/Monitor currently owned by a thread: None

Heap address: 0x00000000c0000000, size: 1024 MB, Compressed Oops mode: 32-bit

CDS archive(s) not mapped
Compressed class space mapped at: 0x0000000100000000-0x0000000140000000, reserved size: 1073741824
Narrow klass base: 0x0000000000000000, Narrow klass shift: 3, Narrow klass range: 0x140000000

GC Precious Log:
 CPUs: 8 total, 8 available
 Memory: 8112M
 Large Page Support: Disabled
 NUMA Support: Disabled
 Compressed Oops: Enabled (32-bit)
 Alignments: Space 512K, Generation 512K, Heap 2M
 Heap Min Capacity: 100M
 Heap Initial Capacity: 100M
 Heap Max Capacity: 1G
 Pre-touch: Disabled
 Parallel Workers: 8

Heap:
 PSYoungGen      total 27136K, used 8192K [0x00000000eab00000, 0x00000000ecb80000, 0x0000000100000000)
  eden space 24064K, 21% used [0x00000000eab00000,0x00000000eb006bd0,0x00000000ec280000)
  from space 3072K, 99% used [0x00000000ec400000,0x00000000ec6f96b0,0x00000000ec700000)
  to   space 4608K, 0% used [0x00000000ec700000,0x00000000ec700000,0x00000000ecb80000)
 ParOldGen       total 68608K, used 8267K [0x00000000c0000000, 0x00000000c4300000, 0x00000000eab00000)
  object space 68608K, 12% used [0x00000000c0000000,0x00000000c0812e78,0x00000000c4300000)
 Metaspace       used 31518K, committed 32000K, reserved 1114112K
  class space    used 3059K, committed 3264K, reserved 1048576K

Card table byte_map: [0x0000025876190000,0x00000258763a0000] _byte_map_base: 0x0000025875b90000

Marking Bits: (ParMarkBitMap*) 0x00007ffb5f916940
 Begin Bits: [0x0000025876500000, 0x0000025877500000)
 End Bits:   [0x0000025877500000, 0x0000025878500000)

Polling page: 0x0000025862bd0000

Metaspace:

Usage:
  Non-class:     27.79 MB used.
      Class:      2.99 MB used.
       Both:     30.78 MB used.

Virtual space:
  Non-class space:       64.00 MB reserved,      28.06 MB ( 44%) committed,  1 nodes.
      Class space:        1.00 GB reserved,       3.19 MB ( <1%) committed,  1 nodes.
             Both:        1.06 GB reserved,      31.25 MB (  3%) committed. 

Chunk freelists:
   Non-Class:  3.97 MB
       Class:  12.82 MB
        Both:  16.79 MB

MaxMetaspaceSize: unlimited
CompressedClassSpaceSize: 1.00 GB
Initial GC threshold: 21.00 MB
Current GC threshold: 35.00 MB
CDS: off
MetaspaceReclaimPolicy: balanced
 - commit_granule_bytes: 65536.
 - commit_granule_words: 8192.
 - virtual_space_node_default_size: 8388608.
 - enlarge_chunks_in_place: 1.
 - new_chunks_are_fully_committed: 0.
 - uncommit_free_chunks: 1.
 - use_allocation_guard: 0.
 - handle_deallocations: 1.


Internal statistics:

num_allocs_failed_limit: 3.
num_arena_births: 316.
num_arena_deaths: 14.
num_vsnodes_births: 2.
num_vsnodes_deaths: 0.
num_space_committed: 500.
num_space_uncommitted: 0.
num_chunks_returned_to_freelist: 17.
num_chunks_taken_from_freelist: 1177.
num_chunk_merges: 5.
num_chunk_splits: 768.
num_chunks_enlarged: 538.
num_inconsistent_stats: 0.

CodeHeap 'non-profiled nmethods': size=120000Kb used=1180Kb max_used=1180Kb free=118819Kb
 bounds [0x000002586ea80000, 0x000002586ecf0000, 0x0000025875fb0000]
CodeHeap 'profiled nmethods': size=120000Kb used=5331Kb max_used=5331Kb free=114668Kb
 bounds [0x0000025866fb0000, 0x00000258674f0000, 0x000002586e4e0000]
CodeHeap 'non-nmethods': size=5760Kb used=1260Kb max_used=1293Kb free=4499Kb
 bounds [0x000002586e4e0000, 0x000002586e750000, 0x000002586ea80000]
 total_blobs=3297 nmethods=2722 adapters=488
 compilation: enabled
              stopped_count=0, restarted_count=0
 full_count=0

Compilation events (20 events):
Event: 2.495 Thread 0x000002587dc10320 2694   !   3       jdk.xml.internal.SecuritySupport::readJAXPProperty (147 bytes)
Event: 2.500 Thread 0x000002587dc10320 nmethod 2694 0x00000258674cdc90 code [0x00000258674ce480, 0x00000258674d3208]
Event: 2.500 Thread 0x000002587dc10320 2697       3       com.sun.org.apache.xerces.internal.util.XMLChar::isName (23 bytes)
Event: 2.500 Thread 0x000002587dc10320 nmethod 2697 0x00000258674d5010 code [0x00000258674d51a0, 0x00000258674d5358]
Event: 2.500 Thread 0x000002587dc10320 2698       3       com.sun.org.apache.xerces.internal.dom.NodeImpl::isOwned (16 bytes)
Event: 2.500 Thread 0x000002587dc10320 nmethod 2698 0x00000258674d5410 code [0x00000258674d55a0, 0x00000258674d5718]
Event: 2.500 Thread 0x000002587dc10320 2696       1       com.sun.org.apache.xerces.internal.dom.ParentNode::ownerDocument (5 bytes)
Event: 2.500 Thread 0x000002587dc10320 nmethod 2696 0x000002586eba0590 code [0x000002586eba0720, 0x000002586eba07f8]
Event: 2.500 Thread 0x000002587dc10320 2699       3       com.sun.org.apache.xerces.internal.dom.NodeImpl::needsSyncData (15 bytes)
Event: 2.501 Thread 0x000002587dc10320 nmethod 2699 0x00000258674d5790 code [0x00000258674d5920, 0x00000258674d5a98]
Event: 2.501 Thread 0x000002587dc10320 2695       3       java.util.ArrayList::rangeCheckForAdd (26 bytes)
Event: 2.501 Thread 0x000002587dc10320 nmethod 2695 0x00000258674d5b10 code [0x00000258674d5d40, 0x00000258674d63c8]
Event: 2.501 Thread 0x000002587dc10320 2700       1       com.sun.org.apache.xerces.internal.dom.DocumentImpl::getMutationEvents (5 bytes)
Event: 2.501 Thread 0x000002587dc10320 nmethod 2700 0x000002586eba0890 code [0x000002586eba0a20, 0x000002586eba0af8]
Event: 2.502 Thread 0x000002587dc10320 2701       1       java.util.Collections$EmptyEnumeration::hasMoreElements (2 bytes)
Event: 2.502 Thread 0x000002587dc10320 nmethod 2701 0x000002586eba0b90 code [0x000002586eba0d20, 0x000002586eba0df8]
Event: 2.507 Thread 0x000002587dc10320 2702       3       java.lang.invoke.MethodHandleNatives::refKindHasReceiver (33 bytes)
Event: 2.508 Thread 0x000002587dc10320 nmethod 2702 0x00000258674d6690 code [0x00000258674d6820, 0x00000258674d6978]
Event: 2.510 Thread 0x000002587dc10320 2703   !   3       java.util.concurrent.ConcurrentHashMap::initTable (112 bytes)
Event: 2.510 Thread 0x000002587dc10320 nmethod 2703 0x00000258674d6a10 code [0x00000258674d6be0, 0x00000258674d7108]

GC Heap History (16 events):
Event: 0.691 GC heap before
{Heap before GC invocations=1 (full 0):
 PSYoungGen      total 29696K, used 25600K [0x00000000eab00000, 0x00000000ecc00000, 0x0000000100000000)
  eden space 25600K, 100% used [0x00000000eab00000,0x00000000ec400000,0x00000000ec400000)
  from space 4096K, 0% used [0x00000000ec800000,0x00000000ec800000,0x00000000ecc00000)
  to   space 4096K, 0% used [0x00000000ec400000,0x00000000ec400000,0x00000000ec800000)
 ParOldGen       total 68608K, used 0K [0x00000000c0000000, 0x00000000c4300000, 0x00000000eab00000)
  object space 68608K, 0% used [0x00000000c0000000,0x00000000c0000000,0x00000000c4300000)
 Metaspace       used 10953K, committed 11072K, reserved 1114112K
  class space    used 1090K, committed 1152K, reserved 1048576K
}
Event: 0.696 GC heap after
{Heap after GC invocations=1 (full 0):
 PSYoungGen      total 29696K, used 3173K [0x00000000eab00000, 0x00000000ecc00000, 0x0000000100000000)
  eden space 25600K, 0% used [0x00000000eab00000,0x00000000eab00000,0x00000000ec400000)
  from space 4096K, 77% used [0x00000000ec400000,0x00000000ec719508,0x00000000ec800000)
  to   space 4096K, 0% used [0x00000000ec800000,0x00000000ec800000,0x00000000ecc00000)
 ParOldGen       total 68608K, used 16K [0x00000000c0000000, 0x00000000c4300000, 0x00000000eab00000)
  object space 68608K, 0% used [0x00000000c0000000,0x00000000c0004000,0x00000000c4300000)
 Metaspace       used 10953K, committed 11072K, reserved 1114112K
  class space    used 1090K, committed 1152K, reserved 1048576K
}
Event: 1.209 GC heap before
{Heap before GC invocations=2 (full 0):
 PSYoungGen      total 29696K, used 28773K [0x00000000eab00000, 0x00000000ecc00000, 0x0000000100000000)
  eden space 25600K, 100% used [0x00000000eab00000,0x00000000ec400000,0x00000000ec400000)
  from space 4096K, 77% used [0x00000000ec400000,0x00000000ec719508,0x00000000ec800000)
  to   space 4096K, 0% used [0x00000000ec800000,0x00000000ec800000,0x00000000ecc00000)
 ParOldGen       total 68608K, used 16K [0x00000000c0000000, 0x00000000c4300000, 0x00000000eab00000)
  object space 68608K, 0% used [0x00000000c0000000,0x00000000c0004000,0x00000000c4300000)
 Metaspace       used 14748K, committed 14976K, reserved 1114112K
  class space    used 1495K, committed 1600K, reserved 1048576K
}
Event: 1.214 GC heap after
{Heap after GC invocations=2 (full 0):
 PSYoungGen      total 29696K, used 4084K [0x00000000eab00000, 0x00000000ecc00000, 0x0000000100000000)
  eden space 25600K, 0% used [0x00000000eab00000,0x00000000eab00000,0x00000000ec400000)
  from space 4096K, 99% used [0x00000000ec800000,0x00000000ecbfd1c8,0x00000000ecc00000)
  to   space 4096K, 0% used [0x00000000ec400000,0x00000000ec400000,0x00000000ec800000)
 ParOldGen       total 68608K, used 840K [0x00000000c0000000, 0x00000000c4300000, 0x00000000eab00000)
  object space 68608K, 1% used [0x00000000c0000000,0x00000000c00d2360,0x00000000c4300000)
 Metaspace       used 14748K, committed 14976K, reserved 1114112K
  class space    used 1495K, committed 1600K, reserved 1048576K
}
Event: 1.588 GC heap before
{Heap before GC invocations=3 (full 0):
 PSYoungGen      total 29696K, used 29645K [0x00000000eab00000, 0x00000000ecc00000, 0x0000000100000000)
  eden space 25600K, 99% used [0x00000000eab00000,0x00000000ec3f6318,0x00000000ec400000)
  from space 4096K, 99% used [0x00000000ec800000,0x00000000ecbfd1c8,0x00000000ecc00000)
  to   space 4096K, 0% used [0x00000000ec400000,0x00000000ec400000,0x00000000ec800000)
 ParOldGen       total 68608K, used 840K [0x00000000c0000000, 0x00000000c4300000, 0x00000000eab00000)
  object space 68608K, 1% used [0x00000000c0000000,0x00000000c00d2360,0x00000000c4300000)
 Metaspace       used 19693K, committed 20096K, reserved 1114112K
  class space    used 2012K, committed 2176K, reserved 1048576K
}
Event: 1.591 GC heap after
{Heap after GC invocations=3 (full 0):
 PSYoungGen      total 29696K, used 4078K [0x00000000eab00000, 0x00000000ecc00000, 0x0000000100000000)
  eden space 25600K, 0% used [0x00000000eab00000,0x00000000eab00000,0x00000000ec400000)
  from space 4096K, 99% used [0x00000000ec400000,0x00000000ec7fbbf8,0x00000000ec800000)
  to   space 4096K, 0% used [0x00000000ec800000,0x00000000ec800000,0x00000000ecc00000)
 ParOldGen       total 68608K, used 2826K [0x00000000c0000000, 0x00000000c4300000, 0x00000000eab00000)
  object space 68608K, 4% used [0x00000000c0000000,0x00000000c02c2bd0,0x00000000c4300000)
 Metaspace       used 19693K, committed 20096K, reserved 1114112K
  class space    used 2012K, committed 2176K, reserved 1048576K
}
Event: 1.710 GC heap before
{Heap before GC invocations=4 (full 0):
 PSYoungGen      total 29696K, used 11305K [0x00000000eab00000, 0x00000000ecc00000, 0x0000000100000000)
  eden space 25600K, 28% used [0x00000000eab00000,0x00000000eb20e830,0x00000000ec400000)
  from space 4096K, 99% used [0x00000000ec400000,0x00000000ec7fbbf8,0x00000000ec800000)
  to   space 4096K, 0% used [0x00000000ec800000,0x00000000ec800000,0x00000000ecc00000)
 ParOldGen       total 68608K, used 2826K [0x00000000c0000000, 0x00000000c4300000, 0x00000000eab00000)
  object space 68608K, 4% used [0x00000000c0000000,0x00000000c02c2bd0,0x00000000c4300000)
 Metaspace       used 21076K, committed 21504K, reserved 1114112K
  class space    used 2154K, committed 2304K, reserved 1048576K
}
Event: 1.714 GC heap after
{Heap after GC invocations=4 (full 0):
 PSYoungGen      total 29696K, used 4068K [0x00000000eab00000, 0x00000000ecc00000, 0x0000000100000000)
  eden space 25600K, 0% used [0x00000000eab00000,0x00000000eab00000,0x00000000ec400000)
  from space 4096K, 99% used [0x00000000ec800000,0x00000000ecbf93d0,0x00000000ecc00000)
  to   space 4096K, 0% used [0x00000000ec400000,0x00000000ec400000,0x00000000ec800000)
 ParOldGen       total 68608K, used 3187K [0x00000000c0000000, 0x00000000c4300000, 0x00000000eab00000)
  object space 68608K, 4% used [0x00000000c0000000,0x00000000c031cda0,0x00000000c4300000)
 Metaspace       used 21076K, committed 21504K, reserved 1114112K
  class space    used 2154K, committed 2304K, reserved 1048576K
}
Event: 1.714 GC heap before
{Heap before GC invocations=5 (full 1):
 PSYoungGen      total 29696K, used 4068K [0x00000000eab00000, 0x00000000ecc00000, 0x0000000100000000)
  eden space 25600K, 0% used [0x00000000eab00000,0x00000000eab00000,0x00000000ec400000)
  from space 4096K, 99% used [0x00000000ec800000,0x00000000ecbf93d0,0x00000000ecc00000)
  to   space 4096K, 0% used [0x00000000ec400000,0x00000000ec400000,0x00000000ec800000)
 ParOldGen       total 68608K, used 3187K [0x00000000c0000000, 0x00000000c4300000, 0x00000000eab00000)
  object space 68608K, 4% used [0x00000000c0000000,0x00000000c031cda0,0x00000000c4300000)
 Metaspace       used 21076K, committed 21504K, reserved 1114112K
  class space    used 2154K, committed 2304K, reserved 1048576K
}
Event: 1.737 GC heap after
{Heap after GC invocations=5 (full 1):
 PSYoungGen      total 29696K, used 0K [0x00000000eab00000, 0x00000000ecc00000, 0x0000000100000000)
  eden space 25600K, 0% used [0x00000000eab00000,0x00000000eab00000,0x00000000ec400000)
  from space 4096K, 0% used [0x00000000ec800000,0x00000000ec800000,0x00000000ecc00000)
  to   space 4096K, 0% used [0x00000000ec400000,0x00000000ec400000,0x00000000ec800000)
 ParOldGen       total 68608K, used 7120K [0x00000000c0000000, 0x00000000c4300000, 0x00000000eab00000)
  object space 68608K, 10% used [0x00000000c0000000,0x00000000c06f4268,0x00000000c4300000)
 Metaspace       used 21062K, committed 21504K, reserved 1114112K
  class space    used 2151K, committed 2304K, reserved 1048576K
}
Event: 2.001 GC heap before
{Heap before GC invocations=6 (full 1):
 PSYoungGen      total 29696K, used 25434K [0x00000000eab00000, 0x00000000ecc00000, 0x0000000100000000)
  eden space 25600K, 99% used [0x00000000eab00000,0x00000000ec3d6a90,0x00000000ec400000)
  from space 4096K, 0% used [0x00000000ec800000,0x00000000ec800000,0x00000000ecc00000)
  to   space 4096K, 0% used [0x00000000ec400000,0x00000000ec400000,0x00000000ec800000)
 ParOldGen       total 68608K, used 7120K [0x00000000c0000000, 0x00000000c4300000, 0x00000000eab00000)
  object space 68608K, 10% used [0x00000000c0000000,0x00000000c06f4268,0x00000000c4300000)
 Metaspace       used 23866K, committed 24448K, reserved 1114112K
  class space    used 2446K, committed 2688K, reserved 1048576K
}
Event: 2.002 GC heap after
{Heap after GC invocations=6 (full 1):
 PSYoungGen      total 28160K, used 2588K [0x00000000eab00000, 0x00000000eca80000, 0x0000000100000000)
  eden space 25088K, 0% used [0x00000000eab00000,0x00000000eab00000,0x00000000ec380000)
  from space 3072K, 84% used [0x00000000ec400000,0x00000000ec6872b8,0x00000000ec700000)
  to   space 3584K, 0% used [0x00000000ec700000,0x00000000ec700000,0x00000000eca80000)
 ParOldGen       total 68608K, used 7128K [0x00000000c0000000, 0x00000000c4300000, 0x00000000eab00000)
  object space 68608K, 10% used [0x00000000c0000000,0x00000000c06f6268,0x00000000c4300000)
 Metaspace       used 23866K, committed 24448K, reserved 1114112K
  class space    used 2446K, committed 2688K, reserved 1048576K
}
Event: 2.173 GC heap before
{Heap before GC invocations=7 (full 1):
 PSYoungGen      total 28160K, used 27676K [0x00000000eab00000, 0x00000000eca80000, 0x0000000100000000)
  eden space 25088K, 100% used [0x00000000eab00000,0x00000000ec380000,0x00000000ec380000)
  from space 3072K, 84% used [0x00000000ec400000,0x00000000ec6872b8,0x00000000ec700000)
  to   space 3584K, 0% used [0x00000000ec700000,0x00000000ec700000,0x00000000eca80000)
 ParOldGen       total 68608K, used 7128K [0x00000000c0000000, 0x00000000c4300000, 0x00000000eab00000)
  object space 68608K, 10% used [0x00000000c0000000,0x00000000c06f6268,0x00000000c4300000)
 Metaspace       used 28236K, committed 28800K, reserved 1114112K
  class space    used 2757K, committed 3008K, reserved 1048576K
}
Event: 2.176 GC heap after
{Heap after GC invocations=7 (full 1):
 PSYoungGen      total 27648K, used 2861K [0x00000000eab00000, 0x00000000eca00000, 0x0000000100000000)
  eden space 24576K, 0% used [0x00000000eab00000,0x00000000eab00000,0x00000000ec300000)
  from space 3072K, 93% used [0x00000000ec700000,0x00000000ec9cb7a8,0x00000000eca00000)
  to   space 3072K, 0% used [0x00000000ec400000,0x00000000ec400000,0x00000000ec700000)
 ParOldGen       total 68608K, used 7136K [0x00000000c0000000, 0x00000000c4300000, 0x00000000eab00000)
  object space 68608K, 10% used [0x00000000c0000000,0x00000000c06f8268,0x00000000c4300000)
 Metaspace       used 28236K, committed 28800K, reserved 1114112K
  class space    used 2757K, committed 3008K, reserved 1048576K
}
Event: 2.434 GC heap before
{Heap before GC invocations=8 (full 1):
 PSYoungGen      total 27648K, used 27437K [0x00000000eab00000, 0x00000000eca00000, 0x0000000100000000)
  eden space 24576K, 100% used [0x00000000eab00000,0x00000000ec300000,0x00000000ec300000)
  from space 3072K, 93% used [0x00000000ec700000,0x00000000ec9cb7a8,0x00000000eca00000)
  to   space 3072K, 0% used [0x00000000ec400000,0x00000000ec400000,0x00000000ec700000)
 ParOldGen       total 68608K, used 7136K [0x00000000c0000000, 0x00000000c4300000, 0x00000000eab00000)
  object space 68608K, 10% used [0x00000000c0000000,0x00000000c06f8268,0x00000000c4300000)
 Metaspace       used 30469K, committed 30976K, reserved 1114112K
  class space    used 2949K, committed 3200K, reserved 1048576K
}
Event: 2.439 GC heap after
{Heap after GC invocations=8 (full 1):
 PSYoungGen      total 27136K, used 3045K [0x00000000eab00000, 0x00000000ecb80000, 0x0000000100000000)
  eden space 24064K, 0% used [0x00000000eab00000,0x00000000eab00000,0x00000000ec280000)
  from space 3072K, 99% used [0x00000000ec400000,0x00000000ec6f96b0,0x00000000ec700000)
  to   space 4608K, 0% used [0x00000000ec700000,0x00000000ec700000,0x00000000ecb80000)
 ParOldGen       total 68608K, used 8267K [0x00000000c0000000, 0x00000000c4300000, 0x00000000eab00000)
  object space 68608K, 12% used [0x00000000c0000000,0x00000000c0812e78,0x00000000c4300000)
 Metaspace       used 30469K, committed 30976K, reserved 1114112K
  class space    used 2949K, committed 3200K, reserved 1048576K
}

Dll operation events (10 events):
Event: 0.006 Loaded shared library c:\Users\Heduardo\.vscode\extensions\redhat.java-1.38.0-win32-x64\jre\17.0.13-win32-x86_64\bin\java.dll
Event: 0.132 Loaded shared library c:\Users\Heduardo\.vscode\extensions\redhat.java-1.38.0-win32-x64\jre\17.0.13-win32-x86_64\bin\zip.dll
Event: 0.136 Loaded shared library C:\Users\Heduardo\.vscode\extensions\redhat.java-1.38.0-win32-x64\jre\17.0.13-win32-x86_64\bin\instrument.dll
Event: 0.148 Loaded shared library C:\Users\Heduardo\.vscode\extensions\redhat.java-1.38.0-win32-x64\jre\17.0.13-win32-x86_64\bin\net.dll
Event: 0.150 Loaded shared library C:\Users\Heduardo\.vscode\extensions\redhat.java-1.38.0-win32-x64\jre\17.0.13-win32-x86_64\bin\nio.dll
Event: 0.158 Loaded shared library C:\Users\Heduardo\.vscode\extensions\redhat.java-1.38.0-win32-x64\jre\17.0.13-win32-x86_64\bin\zip.dll
Event: 0.174 Loaded shared library C:\Users\Heduardo\.vscode\extensions\redhat.java-1.38.0-win32-x64\jre\17.0.13-win32-x86_64\bin\jimage.dll
Event: 0.236 Loaded shared library c:\Users\Heduardo\.vscode\extensions\redhat.java-1.38.0-win32-x64\jre\17.0.13-win32-x86_64\bin\verify.dll
Event: 1.106 Loaded shared library C:\Users\Heduardo\AppData\Roaming\Code\User\globalStorage\redhat.java\1.38.0\config_ss_win\org.eclipse.equinox.launcher\org.eclipse.equinox.launcher.win32.win32.x86_64_1.2.1100.v20240722-2106\eclipse_11904.dll
Event: 1.848 Loaded shared library C:\Users\Heduardo\AppData\Local\Temp\jna--949146646\jna17390308088630488995.dll

Deoptimization events (20 events):
Event: 2.433 Thread 0x00000258003ebba0 DEOPT PACKING pc=0x000002586748d44a sp=0x000000a76faf8fa0
Event: 2.433 Thread 0x00000258003ebba0 DEOPT UNPACKING pc=0x000002586e536e43 sp=0x000000a76faf8428 mode 0
Event: 2.433 Thread 0x00000258003ebba0 DEOPT PACKING pc=0x000002586748d44a sp=0x000000a76faf8fa0
Event: 2.433 Thread 0x00000258003ebba0 DEOPT UNPACKING pc=0x000002586e536e43 sp=0x000000a76faf8428 mode 0
Event: 2.433 Thread 0x00000258003ebba0 DEOPT PACKING pc=0x000002586748d44a sp=0x000000a76faf8fa0
Event: 2.433 Thread 0x00000258003ebba0 DEOPT UNPACKING pc=0x000002586e536e43 sp=0x000000a76faf8428 mode 0
Event: 2.433 Thread 0x00000258003ebba0 DEOPT PACKING pc=0x000002586748d44a sp=0x000000a76faf8fa0
Event: 2.433 Thread 0x00000258003ebba0 DEOPT UNPACKING pc=0x000002586e536e43 sp=0x000000a76faf8428 mode 0
Event: 2.433 Thread 0x00000258003ebba0 DEOPT PACKING pc=0x000002586748d44a sp=0x000000a76faf8fa0
Event: 2.433 Thread 0x00000258003ebba0 DEOPT UNPACKING pc=0x000002586e536e43 sp=0x000000a76faf8428 mode 0
Event: 2.434 Thread 0x00000258003ebba0 DEOPT PACKING pc=0x000002586748d44a sp=0x000000a76faf8fa0
Event: 2.434 Thread 0x00000258003ebba0 DEOPT UNPACKING pc=0x000002586e536e43 sp=0x000000a76faf8428 mode 0
Event: 2.434 Thread 0x00000258003ebba0 DEOPT PACKING pc=0x000002586748d44a sp=0x000000a76faf8fa0
Event: 2.434 Thread 0x00000258003ebba0 DEOPT UNPACKING pc=0x000002586e536e43 sp=0x000000a76faf8428 mode 0
Event: 2.434 Thread 0x00000258003ebba0 DEOPT PACKING pc=0x000002586748d44a sp=0x000000a76faf8fa0
Event: 2.434 Thread 0x00000258003ebba0 DEOPT UNPACKING pc=0x000002586e536e43 sp=0x000000a76faf8428 mode 0
Event: 2.439 Thread 0x00000258003ebba0 DEOPT PACKING pc=0x000002586748d44a sp=0x000000a76faf8fa0
Event: 2.439 Thread 0x00000258003ebba0 DEOPT UNPACKING pc=0x000002586e536e43 sp=0x000000a76faf8428 mode 0
Event: 2.487 Thread 0x00000258003ebba0 DEOPT PACKING pc=0x000002586710007e sp=0x000000a76fafd840
Event: 2.487 Thread 0x00000258003ebba0 DEOPT UNPACKING pc=0x000002586e536e43 sp=0x000000a76fafcd38 mode 0

Classes loaded (20 events):
Event: 2.515 Loading class sun/util/ResourceBundleEnumeration
Event: 2.515 Loading class sun/util/ResourceBundleEnumeration done
Event: 2.515 Loading class com/sun/org/apache/xml/internal/serializer/CharInfo$CharKey
Event: 2.515 Loading class com/sun/org/apache/xml/internal/serializer/CharInfo$CharKey done
Event: 2.516 Loading class com/sun/org/apache/xml/internal/serializer/AttributesImplSerializer
Event: 2.516 Loading class org/xml/sax/helpers/AttributesImpl
Event: 2.516 Loading class org/xml/sax/helpers/AttributesImpl done
Event: 2.516 Loading class com/sun/org/apache/xml/internal/serializer/AttributesImplSerializer done
Event: 2.516 Loading class com/sun/org/apache/xml/internal/serializer/ElemContext
Event: 2.516 Loading class com/sun/org/apache/xml/internal/serializer/ElemContext done
Event: 2.516 Loading class com/sun/org/apache/xml/internal/serializer/ToStream$BoolStack
Event: 2.516 Loading class com/sun/org/apache/xml/internal/serializer/ToStream$BoolStack done
Event: 2.516 Loading class com/sun/org/apache/xml/internal/serializer/EncodingInfo
Event: 2.516 Loading class com/sun/org/apache/xml/internal/serializer/EncodingInfo done
Event: 2.516 Loading class com/sun/org/apache/xml/internal/serializer/ToStream$CharacterBuffer
Event: 2.516 Loading class com/sun/org/apache/xml/internal/serializer/ToStream$CharacterBuffer done
Event: 2.516 Loading class com/sun/org/apache/xml/internal/serializer/Encodings
Event: 2.516 Loading class com/sun/org/apache/xml/internal/serializer/Encodings done
Event: 2.516 Loading class com/sun/org/apache/xml/internal/serializer/Encodings$EncodingInfos
Event: 2.517 Loading class com/sun/org/apache/xml/internal/serializer/Encodings$EncodingInfos done

Classes unloaded (7 events):
Event: 1.717 Thread 0x000002587dbd0c20 Unloading class 0x000000010021a400 'java/lang/invoke/LambdaForm$MH+0x000000010021a400'
Event: 1.717 Thread 0x000002587dbd0c20 Unloading class 0x000000010021a000 'java/lang/invoke/LambdaForm$MH+0x000000010021a000'
Event: 1.717 Thread 0x000002587dbd0c20 Unloading class 0x0000000100219c00 'java/lang/invoke/LambdaForm$MH+0x0000000100219c00'
Event: 1.717 Thread 0x000002587dbd0c20 Unloading class 0x0000000100219800 'java/lang/invoke/LambdaForm$MH+0x0000000100219800'
Event: 1.717 Thread 0x000002587dbd0c20 Unloading class 0x0000000100219400 'java/lang/invoke/LambdaForm$BMH+0x0000000100219400'
Event: 1.717 Thread 0x000002587dbd0c20 Unloading class 0x0000000100219000 'java/lang/invoke/LambdaForm$DMH+0x0000000100219000'
Event: 1.717 Thread 0x000002587dbd0c20 Unloading class 0x0000000100214400 'java/lang/invoke/LambdaForm$DMH+0x0000000100214400'

Classes redefined (0 events):
No events

Internal exceptions (20 events):
Event: 1.880 Thread 0x00000258003ebba0 Exception <a 'java/lang/NoSuchMethodError'{0x00000000eafbb7a0}: 'java.lang.Object java.lang.invoke.DirectMethodHandle$Holder.newInvokeSpecial(java.lang.Object, java.lang.Object, java.lang.Object, long)'> (0x00000000eafbb7a0) 
thrown [s\src\hotspot\share\interpreter\linkResolver.cpp, line 759]
Event: 1.881 Thread 0x00000258003ebba0 Exception <a 'java/lang/NoSuchMethodError'{0x00000000eafbfd40}: 'java.lang.Object java.lang.invoke.DirectMethodHandle$Holder.invokeSpecial(java.lang.Object, java.lang.Object, java.lang.Object, java.lang.Object, long)'> (0x00000000eafbfd40) 
thrown [s\src\hotspot\share\interpreter\linkResolver.cpp, line 759]
Event: 1.881 Thread 0x00000258003ebba0 Exception <a 'java/lang/NoSuchMethodError'{0x00000000eafc3bb8}: 'java.lang.Object java.lang.invoke.Invokers$Holder.linkToTargetMethod(java.lang.Object, java.lang.Object, long, java.lang.Object)'> (0x00000000eafc3bb8) 
thrown [s\src\hotspot\share\interpreter\linkResolver.cpp, line 759]
Event: 1.885 Thread 0x00000258003ebba0 Exception <a 'java/lang/NoSuchMethodError'{0x00000000eb037d20}: 'int java.lang.invoke.DirectMethodHandle$Holder.invokeStaticInit(java.lang.Object, java.lang.Object, java.lang.Object)'> (0x00000000eb037d20) 
thrown [s\src\hotspot\share\interpreter\linkResolver.cpp, line 759]
Event: 1.910 Thread 0x00000258003ebba0 Exception <a 'java/lang/IncompatibleClassChangeError'{0x00000000eb24e930}: Found class java.lang.Object, but interface was expected> (0x00000000eb24e930) 
thrown [s\src\hotspot\share\interpreter\linkResolver.cpp, line 826]
Event: 1.913 Thread 0x00000258003ebba0 Exception <a 'java/lang/NoSuchMethodError'{0x00000000eb265410}: 'java.lang.Object java.lang.invoke.DirectMethodHandle$Holder.invokeSpecial(java.lang.Object, java.lang.Object, java.lang.Object, int, java.lang.Object, java.lang.Object)'> (0x00000000eb265410) 
thrown [s\src\hotspot\share\interpreter\linkResolver.cpp, line 759]
Event: 1.913 Thread 0x00000258003ebba0 Exception <a 'java/lang/NoSuchMethodError'{0x00000000eb26db98}: 'java.lang.Object java.lang.invoke.DirectMethodHandle$Holder.newInvokeSpecial(java.lang.Object, java.lang.Object, java.lang.Object, int, java.lang.Object)'> (0x00000000eb26db98) 
thrown [s\src\hotspot\share\interpreter\linkResolver.cpp, line 759]
Event: 1.914 Thread 0x00000258003ebba0 Exception <a 'java/lang/NoSuchMethodError'{0x00000000eb271ff0}: 'java.lang.Object java.lang.invoke.DirectMethodHandle$Holder.invokeSpecial(java.lang.Object, java.lang.Object, java.lang.Object, java.lang.Object, int, java.lang.Object)'> (0x00000000eb271ff0) 
thrown [s\src\hotspot\share\interpreter\linkResolver.cpp, line 759]
Event: 1.914 Thread 0x00000258001ac9b0 Exception <a 'java/lang/NoSuchMethodError'{0x00000000eafe6848}: 'java.lang.Object java.lang.invoke.DirectMethodHandle$Holder.invokeSpecial(java.lang.Object, java.lang.Object, int, java.lang.Object, java.lang.Object)'> (0x00000000eafe6848) 
thrown [s\src\hotspot\share\interpreter\linkResolver.cpp, line 759]
Event: 1.915 Thread 0x00000258001ac9b0 Exception <a 'java/lang/NoSuchMethodError'{0x00000000eafedf18}: 'java.lang.Object java.lang.invoke.DirectMethodHandle$Holder.newInvokeSpecial(java.lang.Object, java.lang.Object, int, java.lang.Object)'> (0x00000000eafedf18) 
thrown [s\src\hotspot\share\interpreter\linkResolver.cpp, line 759]
Event: 1.915 Thread 0x00000258001ac9b0 Exception <a 'java/lang/NoSuchMethodError'{0x00000000eaff1a28}: 'java.lang.Object java.lang.invoke.DirectMethodHandle$Holder.invokeSpecial(java.lang.Object, java.lang.Object, java.lang.Object, int, java.lang.Object)'> (0x00000000eaff1a28) 
thrown [s\src\hotspot\share\interpreter\linkResolver.cpp, line 759]
Event: 1.933 Thread 0x00000258003ebba0 Exception <a 'java/lang/NoSuchMethodError'{0x00000000eb4ac520}: 'double java.lang.invoke.DirectMethodHandle$Holder.invokeStatic(java.lang.Object, java.lang.Object)'> (0x00000000eb4ac520) 
thrown [s\src\hotspot\share\interpreter\linkResolver.cpp, line 759]
Event: 1.933 Thread 0x00000258003ebba0 Exception <a 'java/lang/NoSuchMethodError'{0x00000000eb4afe38}: 'double java.lang.invoke.DirectMethodHandle$Holder.invokeStaticInit(java.lang.Object, java.lang.Object)'> (0x00000000eb4afe38) 
thrown [s\src\hotspot\share\interpreter\linkResolver.cpp, line 759]
Event: 2.108 Thread 0x00000258003ebba0 Implicit null exception at 0x000002586eb78049 to 0x000002586eb7811c
Event: 2.304 Thread 0x00000258003ebba0 Exception <a 'java/lang/ClassNotFoundException'{0x00000000ebb9fae0}: com/sun/org/apache/xerces/internal/impl/msg/spi/DOMMessagesProvider> (0x00000000ebb9fae0) 
thrown [s\src\hotspot\share\classfile\systemDictionary.cpp, line 256]
Event: 2.307 Thread 0x00000258003ebba0 Exception <a 'java/lang/ClassNotFoundException'{0x00000000ebbce848}: com/sun/org/apache/xerces/internal/impl/msg/spi/XMLSerializerMessagesProvider> (0x00000000ebbce848) 
thrown [s\src\hotspot\share\classfile\systemDictionary.cpp, line 256]
Event: 2.308 Thread 0x00000258003ebba0 Exception <a 'java/lang/ClassNotFoundException'{0x00000000ebbe6db0}: com/sun/org/apache/xerces/internal/impl/msg/spi/XMLMessagesProvider> (0x00000000ebbe6db0) 
thrown [s\src\hotspot\share\classfile\systemDictionary.cpp, line 256]
Event: 2.342 Thread 0x00000258003ebba0 Exception <a 'java/lang/NoSuchMethodError'{0x00000000ebedea08}: 'java.lang.Object java.lang.invoke.DirectMethodHandle$Holder.newInvokeSpecial(java.lang.Object, int, java.lang.Object, java.lang.Object)'> (0x00000000ebedea08) 
thrown [s\src\hotspot\share\interpreter\linkResolver.cpp, line 759]
Event: 2.386 Thread 0x00000258003ebba0 Exception <a 'sun/nio/fs/WindowsException'{0x00000000ec0e6590}> (0x00000000ec0e6590) 
thrown [s\src\hotspot\share\prims\jni.cpp, line 516]
Event: 2.515 Thread 0x00000258003ebba0 Exception <a 'java/lang/ClassNotFoundException'{0x00000000eaed7d48}: com/sun/org/apache/xml/internal/serializer/spi/XMLEntitiesProvider> (0x00000000eaed7d48) 
thrown [s\src\hotspot\share\classfile\systemDictionary.cpp, line 256]

VM Operations (20 events):
Event: 1.890 Executing VM operation: HandshakeAllThreads
Event: 1.890 Executing VM operation: HandshakeAllThreads done
Event: 1.904 Executing VM operation: HandshakeAllThreads
Event: 1.904 Executing VM operation: HandshakeAllThreads done
Event: 2.001 Executing VM operation: ParallelGCFailedAllocation
Event: 2.002 Executing VM operation: ParallelGCFailedAllocation done
Event: 2.173 Executing VM operation: ParallelGCFailedAllocation
Event: 2.176 Executing VM operation: ParallelGCFailedAllocation done
Event: 2.280 Executing VM operation: HandshakeAllThreads
Event: 2.280 Executing VM operation: HandshakeAllThreads done
Event: 2.375 Executing VM operation: HandshakeAllThreads
Event: 2.375 Executing VM operation: HandshakeAllThreads done
Event: 2.377 Executing VM operation: HandshakeAllThreads
Event: 2.377 Executing VM operation: HandshakeAllThreads done
Event: 2.434 Executing VM operation: ParallelGCFailedAllocation
Event: 2.439 Executing VM operation: ParallelGCFailedAllocation done
Event: 2.440 Executing VM operation: HandshakeAllThreads
Event: 2.440 Executing VM operation: HandshakeAllThreads done
Event: 2.441 Executing VM operation: HandshakeAllThreads
Event: 2.441 Executing VM operation: HandshakeAllThreads done

Memory protections (0 events):
No events

Nmethod flushes (0 events):
No events

Events (20 events):
Event: 0.047 Thread 0x0000025862b12140 Thread added: 0x000002587dc123e0
Event: 0.088 Thread 0x0000025862b12140 Thread added: 0x000002587dd1df80
Event: 0.121 Thread 0x000002587dc10320 Thread added: 0x000002587dd97ff0
Event: 0.310 Thread 0x0000025862b12140 Thread added: 0x000002587df62670
Event: 0.370 Thread 0x000002587dd97ff0 Thread added: 0x000002587dfa7690
Event: 0.722 Thread 0x000002587dfa7690 Thread exited: 0x000002587dfa7690
Event: 0.931 Thread 0x0000025862b12140 Thread added: 0x000002587f17a000
Event: 1.099 Thread 0x0000025862b12140 Thread added: 0x00000258003eb110
Event: 1.103 Thread 0x0000025862b12140 Thread added: 0x00000258003ebba0
Event: 1.147 Thread 0x00000258003ebba0 Thread added: 0x000002580046cfa0
Event: 1.280 Thread 0x00000258003ebba0 Thread added: 0x0000025800392050
Event: 1.492 Thread 0x00000258003ebba0 Thread added: 0x00000258001ab060
Event: 1.850 Thread 0x000002587dd97ff0 Thread exited: 0x000002587dd97ff0
Event: 1.862 Thread 0x00000258003ebba0 Thread added: 0x00000258001ac4a0
Event: 1.883 Thread 0x00000258003ebba0 Thread added: 0x00000258001ac9b0
Event: 1.915 Thread 0x00000258003ebba0 Thread added: 0x00000258001acec0
Event: 1.986 Thread 0x000002587dc10320 Thread added: 0x0000025800361060
Event: 2.322 Thread 0x00000258003ebba0 Thread added: 0x00000258001aa640
Event: 2.392 Thread 0x000002587dc10320 Thread added: 0x00000258016781e0
Event: 2.415 Thread 0x00000258001aa640 Thread exited: 0x00000258001aa640


Dynamic libraries:
0x00007ff743ca0000 - 0x00007ff743cae000 	c:\Users\Heduardo\.vscode\extensions\redhat.java-1.38.0-win32-x64\jre\17.0.13-win32-x86_64\bin\java.exe
0x00007ffbaa1b0000 - 0x00007ffbaa3a8000 	C:\WINDOWS\SYSTEM32\ntdll.dll
0x00007ffba9ee0000 - 0x00007ffba9f9d000 	C:\WINDOWS\System32\KERNEL32.DLL
0x00007ffba7e50000 - 0x00007ffba8146000 	C:\WINDOWS\System32\KERNELBASE.dll
0x00007ffba7ae0000 - 0x00007ffba7be0000 	C:\WINDOWS\System32\ucrtbase.dll
0x00007ffba2810000 - 0x00007ffba282e000 	c:\Users\Heduardo\.vscode\extensions\redhat.java-1.38.0-win32-x64\jre\17.0.13-win32-x86_64\bin\VCRUNTIME140.dll
0x00007ffba1860000 - 0x00007ffba1877000 	c:\Users\Heduardo\.vscode\extensions\redhat.java-1.38.0-win32-x64\jre\17.0.13-win32-x86_64\bin\jli.dll
0x00007ffba8a30000 - 0x00007ffba8bcf000 	C:\WINDOWS\System32\USER32.dll
0x00007ffba7ab0000 - 0x00007ffba7ad2000 	C:\WINDOWS\System32\win32u.dll
0x00007ffba81e0000 - 0x00007ffba820b000 	C:\WINDOWS\System32\GDI32.dll
0x00007ffba7990000 - 0x00007ffba7aa7000 	C:\WINDOWS\System32\gdi32full.dll
0x00007ffba7d40000 - 0x00007ffba7ddd000 	C:\WINDOWS\System32\msvcp_win.dll
0x00007ffb98d70000 - 0x00007ffb9900a000 	C:\WINDOWS\WinSxS\amd64_microsoft.windows.common-controls_6595b64144ccf1df_6.0.19041.4355_none_60b8b9eb71f62e16\COMCTL32.dll
0x00007ffba8860000 - 0x00007ffba88fe000 	C:\WINDOWS\System32\msvcrt.dll
0x00007ffba8bd0000 - 0x00007ffba8c02000 	C:\WINDOWS\System32\IMM32.DLL
0x00007ffba34c0000 - 0x00007ffba34cc000 	c:\Users\Heduardo\.vscode\extensions\redhat.java-1.38.0-win32-x64\jre\17.0.13-win32-x86_64\bin\vcruntime140_1.dll
0x00007ffb7dfd0000 - 0x00007ffb7e05d000 	c:\Users\Heduardo\.vscode\extensions\redhat.java-1.38.0-win32-x64\jre\17.0.13-win32-x86_64\bin\msvcp140.dll
0x00007ffb5ed70000 - 0x00007ffb5f9db000 	c:\Users\Heduardo\.vscode\extensions\redhat.java-1.38.0-win32-x64\jre\17.0.13-win32-x86_64\bin\server\jvm.dll
0x00007ffba98f0000 - 0x00007ffba99a0000 	C:\WINDOWS\System32\ADVAPI32.dll
0x00007ffba99a0000 - 0x00007ffba9a40000 	C:\WINDOWS\System32\sechost.dll
0x00007ffba8900000 - 0x00007ffba8a23000 	C:\WINDOWS\System32\RPCRT4.dll
0x00007ffba7860000 - 0x00007ffba7887000 	C:\WINDOWS\System32\bcrypt.dll
0x00007ffba9490000 - 0x00007ffba94fb000 	C:\WINDOWS\System32\WS2_32.dll
0x00007ffba6d90000 - 0x00007ffba6ddb000 	C:\WINDOWS\SYSTEM32\POWRPROF.dll
0x00007ffba06d0000 - 0x00007ffba06da000 	C:\WINDOWS\SYSTEM32\VERSION.dll
0x00007ffb96200000 - 0x00007ffb96227000 	C:\WINDOWS\SYSTEM32\WINMM.dll
0x00007ffba6c50000 - 0x00007ffba6c62000 	C:\WINDOWS\SYSTEM32\UMPDC.dll
0x00007ffba56e0000 - 0x00007ffba56f2000 	C:\WINDOWS\SYSTEM32\kernel.appcore.dll
0x00007ffba2c70000 - 0x00007ffba2c7a000 	c:\Users\Heduardo\.vscode\extensions\redhat.java-1.38.0-win32-x64\jre\17.0.13-win32-x86_64\bin\jimage.dll
0x00007ffb94ce0000 - 0x00007ffb94ec4000 	C:\WINDOWS\SYSTEM32\DBGHELP.DLL
0x00007ffb79e20000 - 0x00007ffb79e54000 	C:\WINDOWS\SYSTEM32\dbgcore.DLL
0x00007ffba8150000 - 0x00007ffba81d2000 	C:\WINDOWS\System32\bcryptPrimitives.dll
0x00007ffba2b60000 - 0x00007ffba2b6e000 	c:\Users\Heduardo\.vscode\extensions\redhat.java-1.38.0-win32-x64\jre\17.0.13-win32-x86_64\bin\instrument.dll
0x00007ffb85890000 - 0x00007ffb858b5000 	c:\Users\Heduardo\.vscode\extensions\redhat.java-1.38.0-win32-x64\jre\17.0.13-win32-x86_64\bin\java.dll
0x00007ffb9e470000 - 0x00007ffb9e488000 	c:\Users\Heduardo\.vscode\extensions\redhat.java-1.38.0-win32-x64\jre\17.0.13-win32-x86_64\bin\zip.dll
0x00007ffba8d20000 - 0x00007ffba948b000 	C:\WINDOWS\System32\SHELL32.dll
0x00007ffba58e0000 - 0x00007ffba607d000 	C:\WINDOWS\SYSTEM32\windows.storage.dll
0x00007ffba9b80000 - 0x00007ffba9ed3000 	C:\WINDOWS\System32\combase.dll
0x00007ffba7280000 - 0x00007ffba72ae000 	C:\WINDOWS\SYSTEM32\Wldp.dll
0x00007ffba8280000 - 0x00007ffba834d000 	C:\WINDOWS\System32\OLEAUT32.dll
0x00007ffba8c10000 - 0x00007ffba8cbd000 	C:\WINDOWS\System32\SHCORE.dll
0x00007ffba9520000 - 0x00007ffba9575000 	C:\WINDOWS\System32\shlwapi.dll
0x00007ffba7790000 - 0x00007ffba77b4000 	C:\WINDOWS\SYSTEM32\profapi.dll
0x00007ffba0370000 - 0x00007ffba0389000 	C:\Users\Heduardo\.vscode\extensions\redhat.java-1.38.0-win32-x64\jre\17.0.13-win32-x86_64\bin\net.dll
0x00007ffba0240000 - 0x00007ffba034a000 	C:\WINDOWS\SYSTEM32\WINHTTP.dll
0x00007ffba6fe0000 - 0x00007ffba704a000 	C:\WINDOWS\system32\mswsock.dll
0x00007ffb97c20000 - 0x00007ffb97c36000 	C:\Users\Heduardo\.vscode\extensions\redhat.java-1.38.0-win32-x64\jre\17.0.13-win32-x86_64\bin\nio.dll
0x00007ffba2ab0000 - 0x00007ffba2ac0000 	c:\Users\Heduardo\.vscode\extensions\redhat.java-1.38.0-win32-x64\jre\17.0.13-win32-x86_64\bin\verify.dll
0x00007ffb84490000 - 0x00007ffb844d5000 	C:\Users\Heduardo\AppData\Roaming\Code\User\globalStorage\redhat.java\1.38.0\config_ss_win\org.eclipse.equinox.launcher\org.eclipse.equinox.launcher.win32.win32.x86_64_1.2.1100.v20240722-2106\eclipse_11904.dll
0x00007ffba9580000 - 0x00007ffba96ab000 	C:\WINDOWS\System32\ole32.dll
0x00007ffba71d0000 - 0x00007ffba71e8000 	C:\WINDOWS\SYSTEM32\CRYPTSP.dll
0x00007ffba6890000 - 0x00007ffba68c4000 	C:\WINDOWS\system32\rsaenh.dll
0x00007ffba7740000 - 0x00007ffba776e000 	C:\WINDOWS\SYSTEM32\USERENV.dll
0x00007ffba71f0000 - 0x00007ffba71fc000 	C:\WINDOWS\SYSTEM32\CRYPTBASE.dll
0x00007ffba6c70000 - 0x00007ffba6cab000 	C:\WINDOWS\SYSTEM32\IPHLPAPI.DLL
0x00007ffba8270000 - 0x00007ffba8278000 	C:\WINDOWS\System32\NSI.dll
0x00007ffba07d0000 - 0x00007ffba07e7000 	C:\WINDOWS\SYSTEM32\dhcpcsvc6.DLL
0x00007ffba09b0000 - 0x00007ffba09cd000 	C:\WINDOWS\SYSTEM32\dhcpcsvc.DLL
0x00007ffba6cc0000 - 0x00007ffba6d8b000 	C:\WINDOWS\SYSTEM32\DNSAPI.dll
0x00007ffb7c970000 - 0x00007ffb7c9b9000 	C:\Users\Heduardo\AppData\Local\Temp\jna--949146646\jna17390308088630488995.dll
0x00007ffba9510000 - 0x00007ffba9518000 	C:\WINDOWS\System32\PSAPI.DLL

dbghelp: loaded successfully - version: 4.0.5 - missing functions: none
symbol engine: initialized successfully - sym options: 0x614 - pdb path: .;c:\Users\Heduardo\.vscode\extensions\redhat.java-1.38.0-win32-x64\jre\17.0.13-win32-x86_64\bin;C:\WINDOWS\SYSTEM32;C:\WINDOWS\WinSxS\amd64_microsoft.windows.common-controls_6595b64144ccf1df_6.0.19041.4355_none_60b8b9eb71f62e16;c:\Users\Heduardo\.vscode\extensions\redhat.java-1.38.0-win32-x64\jre\17.0.13-win32-x86_64\bin\server;C:\Users\Heduardo\AppData\Roaming\Code\User\globalStorage\redhat.java\1.38.0\config_ss_win\org.eclipse.equinox.launcher\org.eclipse.equinox.launcher.win32.win32.x86_64_1.2.1100.v20240722-2106;C:\Users\Heduardo\AppData\Local\Temp\jna--949146646

VM Arguments:
jvm_args: --add-modules=ALL-SYSTEM --add-opens=java.base/java.util=ALL-UNNAMED --add-opens=java.base/java.lang=ALL-UNNAMED --add-opens=java.base/sun.nio.fs=ALL-UNNAMED -Declipse.application=org.eclipse.jdt.ls.core.id1 -Dosgi.bundles.defaultStartLevel=4 -Declipse.product=org.eclipse.jdt.ls.core.product -Djava.import.generatesMetadataFilesAtProjectRoot=false -DDetectVMInstallationsJob.disabled=true -Dfile.encoding=utf8 -XX:+UseParallelGC -XX:GCTimeRatio=4 -XX:AdaptiveSizePolicyWeight=90 -Dsun.zip.disableMemoryMapping=true -Xmx1G -Xms100m -Xlog:disable -javaagent:c:\Users\Heduardo\.vscode\extensions\redhat.java-1.38.0-win32-x64\lombok\lombok-1.18.34.jar 
java_command: c:\Users\Heduardo\.vscode\extensions\redhat.java-1.38.0-win32-x64\server\plugins\org.eclipse.equinox.launcher_1.6.900.v20240613-2009.jar -configuration c:\Users\Heduardo\AppData\Roaming\Code\User\globalStorage\redhat.java\1.38.0\config_ss_win -data c:\Users\Heduardo\AppData\Roaming\Code\User\workspaceStorage\9bb6aeb47d9749888fd4142de8cfd7c1\redhat.java\ss_ws --pipe=\\.\pipe\lsp-ff953594ff0310f567350291dbc481b2-sock
java_class_path (initial): c:\Users\Heduardo\.vscode\extensions\redhat.java-1.38.0-win32-x64\server\plugins\org.eclipse.equinox.launcher_1.6.900.v20240613-2009.jar
Launcher Type: SUN_STANDARD

[Global flags]
    uintx AdaptiveSizePolicyWeight                 = 90                                        {product} {command line}
     intx CICompilerCount                          = 4                                         {product} {ergonomic}
    uintx GCTimeRatio                              = 4                                         {product} {command line}
   size_t InitialHeapSize                          = 104857600                                 {product} {command line}
   size_t MaxHeapSize                              = 1073741824                                {product} {command line}
   size_t MaxNewSize                               = 357564416                                 {product} {ergonomic}
   size_t MinHeapDeltaBytes                        = 524288                                    {product} {ergonomic}
   size_t MinHeapSize                              = 104857600                                 {product} {command line}
   size_t NewSize                                  = 34603008                                  {product} {ergonomic}
    uintx NonNMethodCodeHeapSize                   = 5839372                                {pd product} {ergonomic}
    uintx NonProfiledCodeHeapSize                  = 122909434                              {pd product} {ergonomic}
   size_t OldSize                                  = 70254592                                  {product} {ergonomic}
    uintx ProfiledCodeHeapSize                     = 122909434                              {pd product} {ergonomic}
    uintx ReservedCodeCacheSize                    = 251658240                              {pd product} {ergonomic}
     bool SegmentedCodeCache                       = true                                      {product} {ergonomic}
   size_t SoftMaxHeapSize                          = 1073741824                             {manageable} {ergonomic}
     bool UseCompressedClassPointers               = true                           {product lp64_product} {ergonomic}
     bool UseCompressedOops                        = true                           {product lp64_product} {ergonomic}
     bool UseLargePagesIndividualAllocation        = false                                  {pd product} {ergonomic}
     bool UseParallelGC                            = true                                      {product} {command line}

Logging:
Log output configuration:
 #0: stdout all=off uptime,level,tags
 #1: stderr all=off uptime,level,tags

Environment Variables:
JAVA_HOME=C:\Program Files\Java\jdk-23
PATH=C:\Program Files\Common Files\Oracle\Java\javapath;C:\Program Files (x86)\Common Files\Oracle\Java\java8path;C:\Program Files (x86)\Common Files\Oracle\Java\javapath;C:\Windows\system32;C:\Windows;C:\Windows\System32\Wbem;C:\Windows\System32\WindowsPowerShell\v1.0\;C:\Windows\System32\OpenSSH\;C:\Program Files (x86)\NVIDIA Corporation\PhysX\Common;C:\Program Files\NVIDIA Corporation\NVIDIA NvDLISR;C:\WINDOWS\system32;C:\WINDOWS;C:\WINDOWS\System32\Wbem;C:\WINDOWS\System32\WindowsPowerShell\v1.0\;C:\WINDOWS\System32\OpenSSH\;C:\Program Files\nodejs\;C:\Program Files\Git\cmd;C:\Program Files\Java\jdk-23\bin;C:\Program Files\Maven\apache-maven-3.9.9\bin;C:\Users\Heduardo\AppData\Local\Microsoft\WindowsApps;C:\Users\Heduardo\AppData\Roaming\npm;C:\Users\Heduardo\AppData\Local\Programs\Microsoft VS Code\bin;C:\altera\13.0sp1\modelsim_ase\win32aloem
USERNAME=Heduardo
OS=Windows_NT
PROCESSOR_IDENTIFIER=Intel64 Family 6 Model 158 Stepping 13, GenuineIntel
TMP=C:\Users\Heduardo\AppData\Local\Temp
TEMP=C:\Users\Heduardo\AppData\Local\Temp



Periodic native trim disabled


---------------  S Y S T E M  ---------------

OS:
 Windows 10 , 64 bit Build 19041 (10.0.19041.3636)
OS uptime: 0 days 0:37 hours

CPU: total 8 (initial active 8) (4 cores per cpu, 2 threads per core) family 6 model 158 stepping 13 microcode 0xc6, cx8, cmov, fxsr, ht, mmx, 3dnowpref, sse, sse2, sse3, ssse3, sse4.1, sse4.2, popcnt, lzcnt, tsc, tscinvbit, avx, avx2, aes, erms, clmul, bmi1, bmi2, adx, fma, vzeroupper, clflush, clflushopt
Processor Information for all 8 processors :
  Max Mhz: 2400, Current Mhz: 2400, Mhz Limit: 2400

Memory: 4k page, system-wide physical 8112M (1408M free)
TotalPageFile size 8112M (AvailPageFile size 6M)
current process WorkingSet (physical memory assigned to process): 152M, peak: 155M
current process commit charge ("private bytes"): 260M, peak: 262M

vm_info: OpenJDK 64-Bit Server VM (17.0.13+11) for windows-amd64 JRE (17.0.13+11), built on Oct 16 2024 00:10:08 by "admin" with MS VC++ 17.7 (VS2022)

END.
